#
# A fatal error has been detected by the Java Runtime Environment:
#
#  EXCEPTION_ACCESS_VIOLATION (0xc0000005) at pc=0x00007ffb073ae9b6, pid=20680, tid=13284
#
# JRE version: Java(TM) SE Runtime Environment (20.0.1+9) (build 20.0.1+9-29)
# Java VM: Java HotSpot(TM) 64-Bit Server VM (20.0.1+9-29, mixed mode, sharing, tiered, compressed oops, compressed class ptrs, g1 gc, windows-amd64)
# Problematic frame:
# C  [cplex1263remotejni.dll+0x3fe9b6]
#
# No core dump will be written. Minidumps are not enabled by default on client versions of Windows
#
# If you would like to submit a bug report, please visit:
#   https://bugreport.java.com/bugreport/crash.jsp
# The crash happened outside the Java Virtual Machine in native code.
# See problematic frame for where to report the bug.
#

---------------  S U M M A R Y ------------

Command Line: -javaagent:C:\Program Files\JetBrains\IntelliJ IDEA Community Edition 2023.1\lib\idea_rt.jar=7856:C:\Program Files\JetBrains\IntelliJ IDEA Community Edition 2023.1\bin -Dfile.encoding=UTF-8 -Dsun.stdout.encoding=UTF-8 -Dsun.stderr.encoding=UTF-8 GraphModel C:\Users\Lanczos\IdeaProjects\ESPPRC\data\solomon_25\c103.txt

Host: AMD Ryzen 5 5600 6-Core Processor              , 12 cores, 15G,  Windows 11 , 64 bit Build 22621 (10.0.22621.1635)
Time: Wed May 31 20:15:32 2023  Windows 11 , 64 bit Build 22621 (10.0.22621.1635) elapsed time: 0.730260 seconds (0d 0h 0m 0s)

---------------  T H R E A D  ---------------

Current thread (0x00000249e198eb90):  JavaThread "main" [_thread_in_native, id=13284, stack(0x000000f09ed00000,0x000000f09ee00000)]

Stack: [0x000000f09ed00000,0x000000f09ee00000],  sp=0x000000f09edfcfe0,  free space=1011k
Native frames: (J=compiled Java code, j=interpreted, Vv=VM code, C=native code)
C  [cplex1263remotejni.dll+0x3fe9b6]

Java frames: (J=compiled Java code, j=interpreted, Vv=VM code)
j  ilog.cplex.Cplex.CPXmipopt(JJ)I+0
j  ilog.cplex.CplexI$SolveHandle.start()V+278
j  ilog.cplex.CplexI.solve()V+12
j  ilog.cplex.IloCplex.solve()Z+4
j  MipModel.<init>(LGraphModel;LScenario;)V+2896
j  GraphModel.main([Ljava/lang/String;)V+54
v  ~StubRoutines::call_stub 0x00000249f0f7100d

siginfo: EXCEPTION_ACCESS_VIOLATION (0xc0000005), reading address 0x00000249ffeed6d0


Registers:
RAX=0x00000249e19352d0, RBX=0x0000000000000000, RCX=0x00000249e1934580, RDX=0xcf81afd6ec0e1411
RSP=0x000000f09edfcfe0, RBP=0x00000249e1934580, RSI=0x0000000000000000, RDI=0x0000024986969cc0
R8 =0x00000249e1934c50, R9 =0x0000000012f35dd1, R10=0x0000000036333663, R11=0x0000000000000001
R12=0x00000249ffeed300, R13=0x00000249ffced1c0, R14=0x00000249ffcc8300, R15=0x0000000000000000
RIP=0x00007ffb073ae9b6, EFLAGS=0x0000000000010293


Register to memory mapping:

RIP=0x00007ffb073ae9b6 cplex1263remotejni.dll
RAX=0x00000249e19352d0 points into unknown readable memory: 0x0000000000000000 | 00 00 00 00 00 00 00 00
RBX=0x0 is NULL
RCX=0x00000249e1934580 points into unknown readable memory: 0x0000000043705865 | 65 58 70 43 00 00 00 00
RDX=0xcf81afd6ec0e1411 is an unknown value
RSP=0x000000f09edfcfe0 is pointing into the stack for thread: 0x00000249e198eb90
RBP=0x00000249e1934580 points into unknown readable memory: 0x0000000043705865 | 65 58 70 43 00 00 00 00
RSI=0x0 is NULL
RDI=0x0000024986969cc0 points into unknown readable memory: 0x0000190e0000190e | 0e 19 00 00 0e 19 00 00
R8 =0x00000249e1934c50 points into unknown readable memory: 0x00000249ffcc8300 | 00 83 cc ff 49 02 00 00
R9 =0x0000000012f35dd1 is an unknown value
R10=0x0000000036333663 is an unknown value
R11=0x0000000000000001 is an unknown value
R12=0x00000249ffeed300 is an unknown value
R13=0x00000249ffced1c0 points into unknown readable memory: 0x0000000000000000 | 00 00 00 00 00 00 00 00
R14=0x00000249ffcc8300 points into unknown readable memory: 0x0000000012f35dd1 | d1 5d f3 12 00 00 00 00
R15=0x0 is NULL


Top of Stack: (sp=0x000000f09edfcfe0)
0x000000f09edfcfe0:   00000249e198ee70 00000249ffdb9a50
0x000000f09edfcff0:   00000249e198ee70 00007ffb07863709
0x000000f09edfd000:   00000249ff3b3210 00000249ffdb9a50
0x000000f09edfd010:   00000249ff3b3218 00000249e1934580
0x000000f09edfd020:   000000f09edfe468 0000000036333663
0x000000f09edfd030:   00000249ff794008 00000249ff3b3210
0x000000f09edfd040:   403dca1ad0000000 00000249ff794008
0x000000f09edfd050:   fffffffffffffffe 0000000000000000
0x000000f09edfd060:   000000f09edfd264 000000f09edfe468
0x000000f09edfd070:   00000249e1934580 00000249ffeed300
0x000000f09edfd080:   00000249ffd6b4c0 00007ffb07863763
0x000000f09edfd090:   00000249e1934580 0000000000000073
0x000000f09edfd0a0:   0000000086969cc0 00000249e198ee70
0x000000f09edfd0b0:   000000f09edfd130 00000249ffeed300
0x000000f09edfd0c0:   0000024900000000 00007ffb073be37d
0x000000f09edfd0d0:   00000249ffcc8300 00000249869c9d90
0x000000f09edfd0e0:   409de539e2400000 0000000000000000
0x000000f09edfd0f0:   0000000012f35dd1 4f81afd6ec0e1411
0x000000f09edfd100:   cf81afd6ec0e1411 0000024900000001
0x000000f09edfd110:   0000024900000000 0000024900000001
0x000000f09edfd120:   0000000000000000 0000000000000000
0x000000f09edfd130:   4042866600000000 0000000000000000
0x000000f09edfd140:   00000249ffcc8300 00000249e1934580
0x000000f09edfd150:   000000f09edfd588 00000249ffeed300
0x000000f09edfd160:   0000024986969cc0 0000000000000002
0x000000f09edfd170:   00000000000003ee 00007ffb074931d9
0x000000f09edfd180:   0000000000000001 0000000000000000
0x000000f09edfd190:   00000249ffeed300 0000000000000001
0x000000f09edfd1a0:   000000f09edfe468 00000249ffeeb5b0
0x000000f09edfd1b0:   000000f036333663 0000000000000000
0x000000f09edfd1c0:   0000000000000000 0000000000000000
0x000000f09edfd1d0:   000000f09edfd588 3663003132343663 

Instructions: (pc=0x00007ffb073ae9b6)
0x00007ffb073ae8b6:   c8 00 00 00 e8 11 62 c2 ff 48 8b 45 50 48 89 e9
0x00007ffb073ae8c6:   ba 02 00 00 00 4c 8b 80 88 08 00 00 ff 90 90 08
0x00007ffb073ae8d6:   00 00 48 8d 8c 24 c8 00 00 00 e8 4b 62 c2 ff 48
0x00007ffb073ae8e6:   8b 45 58 83 b8 14 01 00 00 05 0f 8c b9 00 00 00
0x00007ffb073ae8f6:   48 89 e9 ba fb 03 00 00 4c 8d 84 24 40 01 00 00
0x00007ffb073ae906:   e8 35 a9 d3 ff 48 89 e9 ba c2 0b 00 00 4c 8d 84
0x00007ffb073ae916:   24 44 01 00 00 e8 20 a9 d3 ff 48 89 e9 ba 8d 13
0x00007ffb073ae926:   00 00 4c 8d 84 24 48 01 00 00 e8 0b a9 d3 ff 48
0x00007ffb073ae936:   89 e9 ba 34 04 00 00 4c 8d 84 24 4c 01 00 00 e8
0x00007ffb073ae946:   f6 a8 d3 ff 48 8b 45 58 48 89 e9 ba fb 03 00 00
0x00007ffb073ae956:   44 8b 80 c4 06 00 00 e8 be a4 d3 ff 48 8b 45 58
0x00007ffb073ae966:   48 89 e9 ba c2 0b 00 00 44 8b 80 c8 06 00 00 e8
0x00007ffb073ae976:   a6 a4 d3 ff 48 8b 45 58 48 89 e9 ba 8d 13 00 00
0x00007ffb073ae986:   44 8b 80 cc 06 00 00 e8 8e a4 d3 ff 48 8b 45 58
0x00007ffb073ae996:   48 89 e9 ba 34 04 00 00 44 8b 80 d0 06 00 00 e8
0x00007ffb073ae9a6:   76 a4 d3 ff be 01 00 00 00 48 8b 45 50 48 89 e9
0x00007ffb073ae9b6:   49 8b 94 24 d0 03 00 00 4c 8b 80 e8 00 00 00 4c
0x00007ffb073ae9c6:   89 84 24 f8 00 00 00 e8 ce 59 08 00 0f 28 f0 48
0x00007ffb073ae9d6:   8b 45 58 83 b8 f8 02 00 00 03 0f 84 8b 10 00 00
0x00007ffb073ae9e6:   48 8b 84 24 d8 01 00 00 48 85 c0 74 0d 48 8b 8c
0x00007ffb073ae9f6:   24 d8 01 00 00 e8 80 70 fa ff 49 8b 55 08 48 b8
0x00007ffb073aea06:   00 30 bc fc ff ff ff 7f 4c 8b 42 30 4c 3b c0 7d
0x00007ffb073aea16:   45 49 8b 8c 24 90 02 00 00 48 2b 8a 28 01 00 00
0x00007ffb073aea26:   48 8b 55 50 49 8b 84 24 c8 00 00 00 4c 2b c0 4c
0x00007ffb073aea36:   2b c1 4c 3b 82 e8 00 00 00 7d 1b 33 c0 4d 85 c0
0x00007ffb073aea46:   c7 84 24 e0 00 00 00 01 00 00 00 4c 0f 48 c0 4c
0x00007ffb073aea56:   89 82 e8 00 00 00 48 89 f9 e8 1c b1 cc ff 85 c0
0x00007ffb073aea66:   0f 85 b6 0b 00 00 48 8b 45 58 83 b8 a8 01 00 00
0x00007ffb073aea76:   00 0f 84 aa 00 00 00 83 7c 24 48 00 0f 84 9f 00
0x00007ffb073aea86:   00 00 48 8b 47 28 48 63 50 0c 48 85 d2 4c 8b 80
0x00007ffb073aea96:   98 00 00 00 48 8b 88 a0 00 00 00 b8 00 00 00 00
0x00007ffb073aeaa6:   7e 30 f2 0f 10 05 d8 ab ae 00 4c 8b 8c 24 c8 01 


Stack slot to memory mapping:
stack at sp + 0 slots: 0x00000249e198ee70 points into unknown readable memory: 0x00007ffb182c56c0 | c0 56 2c 18 fb 7f 00 00
stack at sp + 1 slots: 0x00000249ffdb9a50 is an unknown value
stack at sp + 2 slots: 0x00000249e198ee70 points into unknown readable memory: 0x00007ffb182c56c0 | c0 56 2c 18 fb 7f 00 00
stack at sp + 3 slots: 0x00007ffb07863709 cplex1263remotejni.dll
stack at sp + 4 slots: 0x00000249ff3b3210 points into unknown readable memory: 0x0000000000000000 | 00 00 00 00 00 00 00 00
stack at sp + 5 slots: 0x00000249ffdb9a50 is an unknown value
stack at sp + 6 slots: 0x00000249ff3b3218 points into unknown readable memory: 0x0000000000000000 | 00 00 00 00 00 00 00 00
stack at sp + 7 slots: 0x00000249e1934580 points into unknown readable memory: 0x0000000043705865 | 65 58 70 43 00 00 00 00


---------------  P R O C E S S  ---------------

Threads class SMR info:
_java_thread_list=0x00000249860e88c0, length=14, elements={
0x00000249e198eb90, 0x00000249ff3d09e0, 0x00000249ff3d3430, 0x00000249ff3d6a00,
0x00000249ff3d9350, 0x00000249ff3daca0, 0x00000249ff3db710, 0x00000249ff3e2270,
0x00000249ff3ee460, 0x00000249ff39c550, 0x00000249ff69b6b0, 0x00000249ff738eb0,
0x00000249ff739400, 0x000002498619f6e0
}

Java Threads: ( => current thread )
=>0x00000249e198eb90 JavaThread "main" [_thread_in_native, id=13284, stack(0x000000f09ed00000,0x000000f09ee00000)]
  0x00000249ff3d09e0 JavaThread "Reference Handler" daemon [_thread_blocked, id=14740, stack(0x000000f09f400000,0x000000f09f500000)]
  0x00000249ff3d3430 JavaThread "Finalizer" daemon [_thread_blocked, id=28356, stack(0x000000f09f500000,0x000000f09f600000)]
  0x00000249ff3d6a00 JavaThread "Signal Dispatcher" daemon [_thread_blocked, id=29116, stack(0x000000f09f600000,0x000000f09f700000)]
  0x00000249ff3d9350 JavaThread "Attach Listener" daemon [_thread_blocked, id=17452, stack(0x000000f09f700000,0x000000f09f800000)]
  0x00000249ff3daca0 JavaThread "Service Thread" daemon [_thread_blocked, id=7756, stack(0x000000f09f800000,0x000000f09f900000)]
  0x00000249ff3db710 JavaThread "Monitor Deflation Thread" daemon [_thread_blocked, id=16772, stack(0x000000f09f900000,0x000000f09fa00000)]
  0x00000249ff3e2270 JavaThread "C2 CompilerThread0" daemon [_thread_in_native, id=27588, stack(0x000000f09fa00000,0x000000f09fb00000)]
  0x00000249ff3ee460 JavaThread "C1 CompilerThread0" daemon [_thread_blocked, id=17104, stack(0x000000f09fb00000,0x000000f09fc00000)]
  0x00000249ff39c550 JavaThread "Common-Cleaner" daemon [_thread_blocked, id=25724, stack(0x000000f09fc00000,0x000000f09fd00000)]
  0x00000249ff69b6b0 JavaThread "C2 CompilerThread1" daemon [_thread_in_native, id=25836, stack(0x000000f09fd00000,0x000000f09fe00000)]
  0x00000249ff738eb0 JavaThread "Monitor Ctrl-Break" daemon [_thread_in_native, id=14728, stack(0x000000f09fe00000,0x000000f09ff00000)]
  0x00000249ff739400 JavaThread "Notification Thread" daemon [_thread_blocked, id=10772, stack(0x000000f09ff00000,0x000000f0a0000000)]
  0x000002498619f6e0 JavaThread "C2 CompilerThread2" daemon [_thread_in_native, id=1116, stack(0x000000f0a1100000,0x000000f0a1200000)]

Other Threads:
  0x00000249ff3b0e20 VMThread "VM Thread" [stack: 0x000000f09f300000,0x000000f09f400000] [id=23384]
  0x00000249ff756270 WatcherThread "VM Periodic Task Thread" [stack: 0x000000f0a0000000,0x000000f0a0100000] [id=1576]
  0x00000249e1a00aa0 WorkerThread "GC Thread#0" [stack: 0x000000f09ee00000,0x000000f09ef00000] [id=14340]
  0x000002498602c9a0 WorkerThread "GC Thread#1" [stack: 0x000000f0a0c00000,0x000000f0a0d00000] [id=14236]
  0x0000024986063dd0 WorkerThread "GC Thread#2" [stack: 0x000000f0a0d00000,0x000000f0a0e00000] [id=3812]
  0x0000024986110600 WorkerThread "GC Thread#3" [stack: 0x000000f0a0e00000,0x000000f0a0f00000] [id=11752]
  0x00000249861108d0 WorkerThread "GC Thread#4" [stack: 0x000000f0a0f00000,0x000000f0a1000000] [id=2316]
  0x0000024986110ba0 WorkerThread "GC Thread#5" [stack: 0x000000f0a1000000,0x000000f0a1100000] [id=22592]
  0x00000249e1a11a90 ConcurrentGCThread "G1 Main Marker" [stack: 0x000000f09ef00000,0x000000f09f000000] [id=23256]
  0x00000249e1a13a20 WorkerThread "G1 Conc#0" [stack: 0x000000f09f000000,0x000000f09f100000] [id=16272]
  0x00000249ff25ffb0 ConcurrentGCThread "G1 Refine#0" [stack: 0x000000f09f100000,0x000000f09f200000] [id=19536]
  0x00000249ff260700 ConcurrentGCThread "G1 Service" [stack: 0x000000f09f200000,0x000000f09f300000] [id=2964]

Threads with active compile tasks:
C2 CompilerThread0      792  982 %     4       MipModel$Callback::main @ 331 (440 bytes)
C2 CompilerThread1      792  997       4       ilog.cplex.CpxRange::<init> (239 bytes)
C2 CompilerThread2      792  996       4       ilog.cplex.IloCplexModeler::addRange (83 bytes)

VM state: not at safepoint (normal execution)

VM Mutex/Monitor currently owned by a thread: None

Heap address: 0x0000000701200000, size: 4078 MB, Compressed Oops mode: Zero based, Oop shift amount: 3

CDS archive(s) mapped at: [0x0000000800000000-0x0000000800c60000-0x0000000800c60000), size 12976128, SharedBaseAddress: 0x0000000800000000, ArchiveRelocationMode: 0.
Compressed class space mapped at: 0x0000000801000000-0x0000000841000000, reserved size: 1073741824
Narrow klass base: 0x0000000800000000, Narrow klass shift: 0, Narrow klass range: 0x100000000

GC Precious Log:
 CardTable entry size: 512
 Card Set container configuration: InlinePtr #cards 4 size 8 Array Of Cards #cards 16 size 48 Howl #buckets 8 coarsen threshold 3686 Howl Bitmap #cards 512 size 80 coarsen threshold 460 Card regions per heap region 1 cards per card region 4096
 CPUs: 12 total, 12 available
 Memory: 16309M
 Large Page Support: Disabled
 NUMA Support: Disabled
 Compressed Oops: Enabled (Zero based)
 Heap Region Size: 2M
 Heap Min Capacity: 8M
 Heap Initial Capacity: 256M
 Heap Max Capacity: 4078M
 Pre-touch: Disabled
 Parallel Workers: 10
 Concurrent Workers: 3
 Concurrent Refinement Workers: 10
 Periodic GC: Disabled

Heap:
 garbage-first heap   total 262144K, used 25891K [0x0000000701200000, 0x0000000800000000)
  region size 2048K, 6 young (12288K), 2 survivors (4096K)
 Metaspace       used 3225K, committed 3456K, reserved 1114112K
  class space    used 301K, committed 384K, reserved 1048576K

Heap Regions: E=young(eden), S=young(survivor), O=old, HS=humongous(starts), HC=humongous(continues), CS=collection set, F=free, OA=open archive, CA=closed archive, TAMS=top-at-mark-start, PB=parsable bottom
|   0|0x0000000701200000, 0x0000000701400000, 0x0000000701400000|100%|HS|  |TAMS 0x0000000701200000| PB 0x0000000701200000| Complete 
|   1|0x0000000701400000, 0x0000000701600000, 0x0000000701600000|100%|HS|  |TAMS 0x0000000701400000| PB 0x0000000701400000| Complete 
|   2|0x0000000701600000, 0x0000000701800000, 0x0000000701800000|100%| O|  |TAMS 0x0000000701600000| PB 0x0000000701600000| Untracked 
|   3|0x0000000701800000, 0x0000000701a00000, 0x0000000701a00000|100%| O|  |TAMS 0x0000000701800000| PB 0x0000000701800000| Untracked 
|   4|0x0000000701a00000, 0x0000000701c00000, 0x0000000701c00000|100%| O|  |TAMS 0x0000000701a00000| PB 0x0000000701a00000| Untracked 
|   5|0x0000000701c00000, 0x0000000701e00000, 0x0000000701e00000|100%| O|  |TAMS 0x0000000701c00000| PB 0x0000000701c00000| Untracked 
|   6|0x0000000701e00000, 0x0000000702000000, 0x0000000702000000|100%| O|  |TAMS 0x0000000701e00000| PB 0x0000000701e00000| Untracked 
|   7|0x0000000702000000, 0x0000000702148e00, 0x0000000702200000| 64%| O|  |TAMS 0x0000000702000000| PB 0x0000000702000000| Untracked 
|   8|0x0000000702200000, 0x0000000702200000, 0x0000000702400000|  0%| F|  |TAMS 0x0000000702200000| PB 0x0000000702200000| Untracked 
|   9|0x0000000702400000, 0x0000000702400000, 0x0000000702600000|  0%| F|  |TAMS 0x0000000702400000| PB 0x0000000702400000| Untracked 
|  10|0x0000000702600000, 0x0000000702600000, 0x0000000702800000|  0%| F|  |TAMS 0x0000000702600000| PB 0x0000000702600000| Untracked 
|  11|0x0000000702800000, 0x0000000702800000, 0x0000000702a00000|  0%| F|  |TAMS 0x0000000702800000| PB 0x0000000702800000| Untracked 
|  12|0x0000000702a00000, 0x0000000702a00000, 0x0000000702c00000|  0%| F|  |TAMS 0x0000000702a00000| PB 0x0000000702a00000| Untracked 
|  13|0x0000000702c00000, 0x0000000702c00000, 0x0000000702e00000|  0%| F|  |TAMS 0x0000000702c00000| PB 0x0000000702c00000| Untracked 
|  14|0x0000000702e00000, 0x0000000702e00000, 0x0000000703000000|  0%| F|  |TAMS 0x0000000702e00000| PB 0x0000000702e00000| Untracked 
|  15|0x0000000703000000, 0x0000000703000000, 0x0000000703200000|  0%| F|  |TAMS 0x0000000703000000| PB 0x0000000703000000| Untracked 
|  16|0x0000000703200000, 0x0000000703200000, 0x0000000703400000|  0%| F|  |TAMS 0x0000000703200000| PB 0x0000000703200000| Untracked 
|  17|0x0000000703400000, 0x0000000703400000, 0x0000000703600000|  0%| F|  |TAMS 0x0000000703400000| PB 0x0000000703400000| Untracked 
|  18|0x0000000703600000, 0x0000000703600000, 0x0000000703800000|  0%| F|  |TAMS 0x0000000703600000| PB 0x0000000703600000| Untracked 
|  19|0x0000000703800000, 0x0000000703800000, 0x0000000703a00000|  0%| F|  |TAMS 0x0000000703800000| PB 0x0000000703800000| Untracked 
|  20|0x0000000703a00000, 0x0000000703a00000, 0x0000000703c00000|  0%| F|  |TAMS 0x0000000703a00000| PB 0x0000000703a00000| Untracked 
|  21|0x0000000703c00000, 0x0000000703c00000, 0x0000000703e00000|  0%| F|  |TAMS 0x0000000703c00000| PB 0x0000000703c00000| Untracked 
|  22|0x0000000703e00000, 0x0000000703e00000, 0x0000000704000000|  0%| F|  |TAMS 0x0000000703e00000| PB 0x0000000703e00000| Untracked 
|  23|0x0000000704000000, 0x0000000704000000, 0x0000000704200000|  0%| F|  |TAMS 0x0000000704000000| PB 0x0000000704000000| Untracked 
|  24|0x0000000704200000, 0x0000000704200000, 0x0000000704400000|  0%| F|  |TAMS 0x0000000704200000| PB 0x0000000704200000| Untracked 
|  25|0x0000000704400000, 0x0000000704400000, 0x0000000704600000|  0%| F|  |TAMS 0x0000000704400000| PB 0x0000000704400000| Untracked 
|  26|0x0000000704600000, 0x0000000704600000, 0x0000000704800000|  0%| F|  |TAMS 0x0000000704600000| PB 0x0000000704600000| Untracked 
|  27|0x0000000704800000, 0x0000000704800000, 0x0000000704a00000|  0%| F|  |TAMS 0x0000000704800000| PB 0x0000000704800000| Untracked 
|  28|0x0000000704a00000, 0x0000000704a00000, 0x0000000704c00000|  0%| F|  |TAMS 0x0000000704a00000| PB 0x0000000704a00000| Untracked 
|  29|0x0000000704c00000, 0x0000000704c00000, 0x0000000704e00000|  0%| F|  |TAMS 0x0000000704c00000| PB 0x0000000704c00000| Untracked 
|  30|0x0000000704e00000, 0x0000000704e00000, 0x0000000705000000|  0%| F|  |TAMS 0x0000000704e00000| PB 0x0000000704e00000| Untracked 
|  31|0x0000000705000000, 0x0000000705000000, 0x0000000705200000|  0%| F|  |TAMS 0x0000000705000000| PB 0x0000000705000000| Untracked 
|  32|0x0000000705200000, 0x0000000705200000, 0x0000000705400000|  0%| F|  |TAMS 0x0000000705200000| PB 0x0000000705200000| Untracked 
|  33|0x0000000705400000, 0x0000000705400000, 0x0000000705600000|  0%| F|  |TAMS 0x0000000705400000| PB 0x0000000705400000| Untracked 
|  34|0x0000000705600000, 0x0000000705600000, 0x0000000705800000|  0%| F|  |TAMS 0x0000000705600000| PB 0x0000000705600000| Untracked 
|  35|0x0000000705800000, 0x0000000705800000, 0x0000000705a00000|  0%| F|  |TAMS 0x0000000705800000| PB 0x0000000705800000| Untracked 
|  36|0x0000000705a00000, 0x0000000705a00000, 0x0000000705c00000|  0%| F|  |TAMS 0x0000000705a00000| PB 0x0000000705a00000| Untracked 
|  37|0x0000000705c00000, 0x0000000705c00000, 0x0000000705e00000|  0%| F|  |TAMS 0x0000000705c00000| PB 0x0000000705c00000| Untracked 
|  38|0x0000000705e00000, 0x0000000705e00000, 0x0000000706000000|  0%| F|  |TAMS 0x0000000705e00000| PB 0x0000000705e00000| Untracked 
|  39|0x0000000706000000, 0x0000000706000000, 0x0000000706200000|  0%| F|  |TAMS 0x0000000706000000| PB 0x0000000706000000| Untracked 
|  40|0x0000000706200000, 0x0000000706200000, 0x0000000706400000|  0%| F|  |TAMS 0x0000000706200000| PB 0x0000000706200000| Untracked 
|  41|0x0000000706400000, 0x0000000706400000, 0x0000000706600000|  0%| F|  |TAMS 0x0000000706400000| PB 0x0000000706400000| Untracked 
|  42|0x0000000706600000, 0x0000000706600000, 0x0000000706800000|  0%| F|  |TAMS 0x0000000706600000| PB 0x0000000706600000| Untracked 
|  43|0x0000000706800000, 0x0000000706800000, 0x0000000706a00000|  0%| F|  |TAMS 0x0000000706800000| PB 0x0000000706800000| Untracked 
|  44|0x0000000706a00000, 0x0000000706a00000, 0x0000000706c00000|  0%| F|  |TAMS 0x0000000706a00000| PB 0x0000000706a00000| Untracked 
|  45|0x0000000706c00000, 0x0000000706c00000, 0x0000000706e00000|  0%| F|  |TAMS 0x0000000706c00000| PB 0x0000000706c00000| Untracked 
|  46|0x0000000706e00000, 0x0000000706e00000, 0x0000000707000000|  0%| F|  |TAMS 0x0000000706e00000| PB 0x0000000706e00000| Untracked 
|  47|0x0000000707000000, 0x0000000707000000, 0x0000000707200000|  0%| F|  |TAMS 0x0000000707000000| PB 0x0000000707000000| Untracked 
|  48|0x0000000707200000, 0x0000000707200000, 0x0000000707400000|  0%| F|  |TAMS 0x0000000707200000| PB 0x0000000707200000| Untracked 
|  49|0x0000000707400000, 0x0000000707400000, 0x0000000707600000|  0%| F|  |TAMS 0x0000000707400000| PB 0x0000000707400000| Untracked 
|  50|0x0000000707600000, 0x0000000707600000, 0x0000000707800000|  0%| F|  |TAMS 0x0000000707600000| PB 0x0000000707600000| Untracked 
|  51|0x0000000707800000, 0x0000000707800000, 0x0000000707a00000|  0%| F|  |TAMS 0x0000000707800000| PB 0x0000000707800000| Untracked 
|  52|0x0000000707a00000, 0x0000000707a00000, 0x0000000707c00000|  0%| F|  |TAMS 0x0000000707a00000| PB 0x0000000707a00000| Untracked 
|  53|0x0000000707c00000, 0x0000000707c00000, 0x0000000707e00000|  0%| F|  |TAMS 0x0000000707c00000| PB 0x0000000707c00000| Untracked 
|  54|0x0000000707e00000, 0x0000000707e00000, 0x0000000708000000|  0%| F|  |TAMS 0x0000000707e00000| PB 0x0000000707e00000| Untracked 
|  55|0x0000000708000000, 0x0000000708000000, 0x0000000708200000|  0%| F|  |TAMS 0x0000000708000000| PB 0x0000000708000000| Untracked 
|  56|0x0000000708200000, 0x0000000708200000, 0x0000000708400000|  0%| F|  |TAMS 0x0000000708200000| PB 0x0000000708200000| Untracked 
|  57|0x0000000708400000, 0x0000000708400000, 0x0000000708600000|  0%| F|  |TAMS 0x0000000708400000| PB 0x0000000708400000| Untracked 
|  58|0x0000000708600000, 0x0000000708600000, 0x0000000708800000|  0%| F|  |TAMS 0x0000000708600000| PB 0x0000000708600000| Untracked 
|  59|0x0000000708800000, 0x0000000708800000, 0x0000000708a00000|  0%| F|  |TAMS 0x0000000708800000| PB 0x0000000708800000| Untracked 
|  60|0x0000000708a00000, 0x0000000708a00000, 0x0000000708c00000|  0%| F|  |TAMS 0x0000000708a00000| PB 0x0000000708a00000| Untracked 
|  61|0x0000000708c00000, 0x0000000708c00000, 0x0000000708e00000|  0%| F|  |TAMS 0x0000000708c00000| PB 0x0000000708c00000| Untracked 
|  62|0x0000000708e00000, 0x0000000708e00000, 0x0000000709000000|  0%| F|  |TAMS 0x0000000708e00000| PB 0x0000000708e00000| Untracked 
|  63|0x0000000709000000, 0x0000000709000000, 0x0000000709200000|  0%| F|  |TAMS 0x0000000709000000| PB 0x0000000709000000| Untracked 
|  64|0x0000000709200000, 0x0000000709200000, 0x0000000709400000|  0%| F|  |TAMS 0x0000000709200000| PB 0x0000000709200000| Untracked 
|  65|0x0000000709400000, 0x0000000709400000, 0x0000000709600000|  0%| F|  |TAMS 0x0000000709400000| PB 0x0000000709400000| Untracked 
|  66|0x0000000709600000, 0x0000000709600000, 0x0000000709800000|  0%| F|  |TAMS 0x0000000709600000| PB 0x0000000709600000| Untracked 
|  67|0x0000000709800000, 0x0000000709800000, 0x0000000709a00000|  0%| F|  |TAMS 0x0000000709800000| PB 0x0000000709800000| Untracked 
|  68|0x0000000709a00000, 0x0000000709a00000, 0x0000000709c00000|  0%| F|  |TAMS 0x0000000709a00000| PB 0x0000000709a00000| Untracked 
|  69|0x0000000709c00000, 0x0000000709c00000, 0x0000000709e00000|  0%| F|  |TAMS 0x0000000709c00000| PB 0x0000000709c00000| Untracked 
|  70|0x0000000709e00000, 0x0000000709e00000, 0x000000070a000000|  0%| F|  |TAMS 0x0000000709e00000| PB 0x0000000709e00000| Untracked 
|  71|0x000000070a000000, 0x000000070a000000, 0x000000070a200000|  0%| F|  |TAMS 0x000000070a000000| PB 0x000000070a000000| Untracked 
|  72|0x000000070a200000, 0x000000070a200000, 0x000000070a400000|  0%| F|  |TAMS 0x000000070a200000| PB 0x000000070a200000| Untracked 
|  73|0x000000070a400000, 0x000000070a400000, 0x000000070a600000|  0%| F|  |TAMS 0x000000070a400000| PB 0x000000070a400000| Untracked 
|  74|0x000000070a600000, 0x000000070a600000, 0x000000070a800000|  0%| F|  |TAMS 0x000000070a600000| PB 0x000000070a600000| Untracked 
|  75|0x000000070a800000, 0x000000070a800000, 0x000000070aa00000|  0%| F|  |TAMS 0x000000070a800000| PB 0x000000070a800000| Untracked 
|  76|0x000000070aa00000, 0x000000070aa00000, 0x000000070ac00000|  0%| F|  |TAMS 0x000000070aa00000| PB 0x000000070aa00000| Untracked 
|  77|0x000000070ac00000, 0x000000070ac00000, 0x000000070ae00000|  0%| F|  |TAMS 0x000000070ac00000| PB 0x000000070ac00000| Untracked 
|  78|0x000000070ae00000, 0x000000070ae00000, 0x000000070b000000|  0%| F|  |TAMS 0x000000070ae00000| PB 0x000000070ae00000| Untracked 
|  79|0x000000070b000000, 0x000000070b000000, 0x000000070b200000|  0%| F|  |TAMS 0x000000070b000000| PB 0x000000070b000000| Untracked 
|  80|0x000000070b200000, 0x000000070b200000, 0x000000070b400000|  0%| F|  |TAMS 0x000000070b200000| PB 0x000000070b200000| Untracked 
|  81|0x000000070b400000, 0x000000070b400000, 0x000000070b600000|  0%| F|  |TAMS 0x000000070b400000| PB 0x000000070b400000| Untracked 
|  82|0x000000070b600000, 0x000000070b600000, 0x000000070b800000|  0%| F|  |TAMS 0x000000070b600000| PB 0x000000070b600000| Untracked 
|  83|0x000000070b800000, 0x000000070b800000, 0x000000070ba00000|  0%| F|  |TAMS 0x000000070b800000| PB 0x000000070b800000| Untracked 
|  84|0x000000070ba00000, 0x000000070ba00000, 0x000000070bc00000|  0%| F|  |TAMS 0x000000070ba00000| PB 0x000000070ba00000| Untracked 
|  85|0x000000070bc00000, 0x000000070bc00000, 0x000000070be00000|  0%| F|  |TAMS 0x000000070bc00000| PB 0x000000070bc00000| Untracked 
|  86|0x000000070be00000, 0x000000070be00000, 0x000000070c000000|  0%| F|  |TAMS 0x000000070be00000| PB 0x000000070be00000| Untracked 
|  87|0x000000070c000000, 0x000000070c000000, 0x000000070c200000|  0%| F|  |TAMS 0x000000070c000000| PB 0x000000070c000000| Untracked 
|  88|0x000000070c200000, 0x000000070c200000, 0x000000070c400000|  0%| F|  |TAMS 0x000000070c200000| PB 0x000000070c200000| Untracked 
|  89|0x000000070c400000, 0x000000070c400000, 0x000000070c600000|  0%| F|  |TAMS 0x000000070c400000| PB 0x000000070c400000| Untracked 
|  90|0x000000070c600000, 0x000000070c600000, 0x000000070c800000|  0%| F|  |TAMS 0x000000070c600000| PB 0x000000070c600000| Untracked 
|  91|0x000000070c800000, 0x000000070c800000, 0x000000070ca00000|  0%| F|  |TAMS 0x000000070c800000| PB 0x000000070c800000| Untracked 
|  92|0x000000070ca00000, 0x000000070ca00000, 0x000000070cc00000|  0%| F|  |TAMS 0x000000070ca00000| PB 0x000000070ca00000| Untracked 
|  93|0x000000070cc00000, 0x000000070cc00000, 0x000000070ce00000|  0%| F|  |TAMS 0x000000070cc00000| PB 0x000000070cc00000| Untracked 
|  94|0x000000070ce00000, 0x000000070ce00000, 0x000000070d000000|  0%| F|  |TAMS 0x000000070ce00000| PB 0x000000070ce00000| Untracked 
|  95|0x000000070d000000, 0x000000070d000000, 0x000000070d200000|  0%| F|  |TAMS 0x000000070d000000| PB 0x000000070d000000| Untracked 
|  96|0x000000070d200000, 0x000000070d200000, 0x000000070d400000|  0%| F|  |TAMS 0x000000070d200000| PB 0x000000070d200000| Untracked 
|  97|0x000000070d400000, 0x000000070d400000, 0x000000070d600000|  0%| F|  |TAMS 0x000000070d400000| PB 0x000000070d400000| Untracked 
|  98|0x000000070d600000, 0x000000070d600000, 0x000000070d800000|  0%| F|  |TAMS 0x000000070d600000| PB 0x000000070d600000| Untracked 
|  99|0x000000070d800000, 0x000000070d800000, 0x000000070da00000|  0%| F|  |TAMS 0x000000070d800000| PB 0x000000070d800000| Untracked 
| 100|0x000000070da00000, 0x000000070da00000, 0x000000070dc00000|  0%| F|  |TAMS 0x000000070da00000| PB 0x000000070da00000| Untracked 
| 101|0x000000070dc00000, 0x000000070dc00000, 0x000000070de00000|  0%| F|  |TAMS 0x000000070dc00000| PB 0x000000070dc00000| Untracked 
| 102|0x000000070de00000, 0x000000070de00000, 0x000000070e000000|  0%| F|  |TAMS 0x000000070de00000| PB 0x000000070de00000| Untracked 
| 103|0x000000070e000000, 0x000000070e000000, 0x000000070e200000|  0%| F|  |TAMS 0x000000070e000000| PB 0x000000070e000000| Untracked 
| 104|0x000000070e200000, 0x000000070e200000, 0x000000070e400000|  0%| F|  |TAMS 0x000000070e200000| PB 0x000000070e200000| Untracked 
| 105|0x000000070e400000, 0x000000070e400000, 0x000000070e600000|  0%| F|  |TAMS 0x000000070e400000| PB 0x000000070e400000| Untracked 
| 106|0x000000070e600000, 0x000000070e600000, 0x000000070e800000|  0%| F|  |TAMS 0x000000070e600000| PB 0x000000070e600000| Untracked 
| 107|0x000000070e800000, 0x000000070e800000, 0x000000070ea00000|  0%| F|  |TAMS 0x000000070e800000| PB 0x000000070e800000| Untracked 
| 108|0x000000070ea00000, 0x000000070ea00000, 0x000000070ec00000|  0%| F|  |TAMS 0x000000070ea00000| PB 0x000000070ea00000| Untracked 
| 109|0x000000070ec00000, 0x000000070ec00000, 0x000000070ee00000|  0%| F|  |TAMS 0x000000070ec00000| PB 0x000000070ec00000| Untracked 
| 110|0x000000070ee00000, 0x000000070ee00000, 0x000000070f000000|  0%| F|  |TAMS 0x000000070ee00000| PB 0x000000070ee00000| Untracked 
| 111|0x000000070f000000, 0x000000070f000000, 0x000000070f200000|  0%| F|  |TAMS 0x000000070f000000| PB 0x000000070f000000| Untracked 
| 112|0x000000070f200000, 0x000000070f200000, 0x000000070f400000|  0%| F|  |TAMS 0x000000070f200000| PB 0x000000070f200000| Untracked 
| 113|0x000000070f400000, 0x000000070f400000, 0x000000070f600000|  0%| F|  |TAMS 0x000000070f400000| PB 0x000000070f400000| Untracked 
| 114|0x000000070f600000, 0x000000070f800000, 0x000000070f800000|100%| S|CS|TAMS 0x000000070f600000| PB 0x000000070f600000| Complete 
| 115|0x000000070f800000, 0x000000070f800000, 0x000000070fa00000|  0%| F|  |TAMS 0x000000070f800000| PB 0x000000070f800000| Untracked 
| 116|0x000000070fa00000, 0x000000070fa00000, 0x000000070fc00000|  0%| F|  |TAMS 0x000000070fa00000| PB 0x000000070fa00000| Untracked 
| 117|0x000000070fc00000, 0x000000070fe00000, 0x000000070fe00000|100%| S|CS|TAMS 0x000000070fc00000| PB 0x000000070fc00000| Complete 
| 118|0x000000070fe00000, 0x000000070fe00000, 0x0000000710000000|  0%| F|  |TAMS 0x000000070fe00000| PB 0x000000070fe00000| Untracked 
| 119|0x0000000710000000, 0x0000000710000000, 0x0000000710200000|  0%| F|  |TAMS 0x0000000710000000| PB 0x0000000710000000| Untracked 
| 120|0x0000000710200000, 0x0000000710200000, 0x0000000710400000|  0%| F|  |TAMS 0x0000000710200000| PB 0x0000000710200000| Untracked 
| 121|0x0000000710400000, 0x0000000710400000, 0x0000000710600000|  0%| F|  |TAMS 0x0000000710400000| PB 0x0000000710400000| Untracked 
| 122|0x0000000710600000, 0x0000000710600000, 0x0000000710800000|  0%| F|  |TAMS 0x0000000710600000| PB 0x0000000710600000| Untracked 
| 123|0x0000000710800000, 0x0000000710800000, 0x0000000710a00000|  0%| F|  |TAMS 0x0000000710800000| PB 0x0000000710800000| Untracked 
| 124|0x0000000710a00000, 0x0000000710b32e40, 0x0000000710c00000| 59%| E|  |TAMS 0x0000000710a00000| PB 0x0000000710a00000| Complete 
| 125|0x0000000710c00000, 0x0000000710e00000, 0x0000000710e00000|100%| E|CS|TAMS 0x0000000710c00000| PB 0x0000000710c00000| Complete 
| 126|0x0000000710e00000, 0x0000000711000000, 0x0000000711000000|100%| E|CS|TAMS 0x0000000710e00000| PB 0x0000000710e00000| Complete 
| 127|0x0000000711000000, 0x0000000711200000, 0x0000000711200000|100%| E|CS|TAMS 0x0000000711000000| PB 0x0000000711000000| Complete 

Card table byte_map: [0x00000249f9790000,0x00000249f9f90000] _byte_map_base: 0x00000249f5f87000

Marking Bits: (CMBitMap*) 0x00000249e1a00fe0
 Bits: [0x00000249fa790000, 0x00000249fe748000)

Polling page: 0x00000249df900000

Metaspace:

Usage:
  Non-class:      2.86 MB used.
      Class:    301.24 KB used.
       Both:      3.15 MB used.

Virtual space:
  Non-class space:       64.00 MB reserved,       3.00 MB (  5%) committed,  1 nodes.
      Class space:        1.00 GB reserved,     384.00 KB ( <1%) committed,  1 nodes.
             Both:        1.06 GB reserved,       3.38 MB ( <1%) committed. 

Chunk freelists:
   Non-Class:  2.55 MB
       Class:  3.53 MB
        Both:  6.08 MB

MaxMetaspaceSize: unlimited
CompressedClassSpaceSize: 1.00 GB
Initial GC threshold: 21.00 MB
Current GC threshold: 21.00 MB
CDS: on
MetaspaceReclaimPolicy: balanced
 - commit_granule_bytes: 65536.
 - commit_granule_words: 8192.
 - virtual_space_node_default_size: 8388608.
 - enlarge_chunks_in_place: 1.
 - new_chunks_are_fully_committed: 0.
 - uncommit_free_chunks: 1.
 - use_allocation_guard: 0.


Internal statistics:

num_allocs_failed_limit: 0.
num_arena_births: 82.
num_arena_deaths: 0.
num_vsnodes_births: 2.
num_vsnodes_deaths: 0.
num_space_committed: 54.
num_space_uncommitted: 0.
num_chunks_returned_to_freelist: 0.
num_chunks_taken_from_freelist: 160.
num_chunk_merges: 0.
num_chunk_splits: 107.
num_chunks_enlarged: 75.
num_inconsistent_stats: 0.

CodeHeap 'non-profiled nmethods': size=120000Kb used=312Kb max_used=312Kb free=119687Kb
 bounds [0x00000249f1510000, 0x00000249f1780000, 0x00000249f8a40000]
CodeHeap 'profiled nmethods': size=120000Kb used=1570Kb max_used=1570Kb free=118429Kb
 bounds [0x00000249e9a40000, 0x00000249e9cb0000, 0x00000249f0f70000]
CodeHeap 'non-nmethods': size=5760Kb used=1582Kb max_used=1611Kb free=4177Kb
 bounds [0x00000249f0f70000, 0x00000249f11e0000, 0x00000249f1510000]
 total_blobs=1587 nmethods=992 adapters=506
 compilation: enabled
              stopped_count=0, restarted_count=0
 full_count=0

Compilation events (20 events):
Event: 0.687 Thread 0x00000249ff3e2270  982 %     4       MipModel$Callback::main @ 331 (440 bytes)
Event: 0.687 Thread 0x00000249ff69b6b0  983       4       java.util.LinkedHashMap::get (29 bytes)
Event: 0.690 Thread 0x00000249ff69b6b0 nmethod 983 0x00000249f1558910 code [0x00000249f1558ac0, 0x00000249f1558e00]
Event: 0.690 Thread 0x00000249ff69b6b0  984       4       java.util.LinkedHashMap::keySet (25 bytes)
Event: 0.692 Thread 0x00000249ff69b6b0 nmethod 984 0x00000249f1559110 code [0x00000249f1559280, 0x00000249f1559458]
Event: 0.692 Thread 0x00000249ff69b6b0  985       4       org.jgrapht.graph.AbstractGraph::assertVertexExist (52 bytes)
Event: 0.698 Thread 0x00000249ff69b6b0 nmethod 985 0x00000249f1559510 code [0x00000249f15596e0, 0x00000249f1559c00]
Event: 0.698 Thread 0x00000249ff69b6b0  987       4       java.util.LinkedHashMap$LinkedKeySet::contains (9 bytes)
Event: 0.702 Thread 0x00000249ff69b6b0 nmethod 987 0x00000249f155a190 code [0x00000249f155a340, 0x00000249f155a658]
Event: 0.702 Thread 0x00000249ff69b6b0  988       4       org.jgrapht.graph.specifics.DirectedSpecifics::getEdgeContainer (45 bytes)
Event: 0.706 Thread 0x00000249ff69b6b0 nmethod 988 0x00000249f155a990 code [0x00000249f155ab40, 0x00000249f155af60]
Event: 0.706 Thread 0x00000249ff69b6b0  986   !   4       ilog.cplex.CplexI::CALL (85 bytes)
Event: 0.706 Thread 0x00000249ff69b6b0 nmethod 986 0x00000249f155b390 code [0x00000249f155b500, 0x00000249f155b5b8]
Event: 0.706 Thread 0x00000249ff69b6b0  990       4       ilog.cplex.CplexI::origProbType (154 bytes)
Event: 0.706 Thread 0x00000249ff69b6b0 nmethod 990 0x00000249f155b690 code [0x00000249f155b800, 0x00000249f155b8d0]
Event: 0.706 Thread 0x00000249ff69b6b0  989       4       java.util.Collections$UnmodifiableCollection::iterator (9 bytes)
Event: 0.711 Thread 0x00000249ff69b6b0 nmethod 989 0x00000249f155b990 code [0x00000249f155bb20, 0x00000249f155bf38]
Event: 0.711 Thread 0x00000249ff69b6b0  994       4       ilog.cplex.IndexManager::makeSpace (103 bytes)
Event: 0.717 Thread 0x00000249ff69b6b0 nmethod 994 0x00000249f155c110 code [0x00000249f155c2a0, 0x00000249f155c9a8]
Event: 0.717 Thread 0x00000249ff69b6b0  993       4       ilog.cplex.IndexManager::addIndex (34 bytes)

GC Heap History (4 events):
Event: 0.665 GC heap before
{Heap before GC invocations=0 (full 0):
 garbage-first heap   total 262144K, used 26624K [0x0000000701200000, 0x0000000800000000)
  region size 2048K, 11 young (22528K), 0 survivors (0K)
 Metaspace       used 3220K, committed 3392K, reserved 1114112K
  class space    used 301K, committed 384K, reserved 1048576K
}
Event: 0.668 GC heap after
{Heap after GC invocations=1 (full 0):
 garbage-first heap   total 262144K, used 11733K [0x0000000701200000, 0x0000000800000000)
  region size 2048K, 2 young (4096K), 2 survivors (4096K)
 Metaspace       used 3220K, committed 3392K, reserved 1114112K
  class space    used 301K, committed 384K, reserved 1048576K
}
Event: 0.707 GC heap before
{Heap before GC invocations=1 (full 0):
 garbage-first heap   total 262144K, used 32213K [0x0000000701200000, 0x0000000800000000)
  region size 2048K, 12 young (24576K), 2 survivors (4096K)
 Metaspace       used 3225K, committed 3456K, reserved 1114112K
  class space    used 301K, committed 384K, reserved 1048576K
}
Event: 0.711 GC heap after
{Heap after GC invocations=2 (full 0):
 garbage-first heap   total 262144K, used 19747K [0x0000000701200000, 0x0000000800000000)
  region size 2048K, 2 young (4096K), 2 survivors (4096K)
 Metaspace       used 3225K, committed 3456K, reserved 1114112K
  class space    used 301K, committed 384K, reserved 1048576K
}

Dll operation events (12 events):
Event: 0.010 Loaded shared library C:\Program Files\Java\jdk-20\bin\java.dll
Event: 0.019 Loaded shared library C:\Program Files\Java\jdk-20\bin\jsvml.dll
Event: 0.069 Loaded shared library C:\Program Files\Java\jdk-20\bin\zip.dll
Event: 0.073 Loaded shared library C:\Program Files\Java\jdk-20\bin\instrument.dll
Event: 0.077 Loaded shared library C:\Program Files\Java\jdk-20\bin\net.dll
Event: 0.078 Loaded shared library C:\Program Files\Java\jdk-20\bin\nio.dll
Event: 0.081 Loaded shared library C:\Program Files\Java\jdk-20\bin\zip.dll
Event: 0.108 Loaded shared library C:\Program Files\JetBrains\IntelliJ IDEA Community Edition 2023.1\bin\breakgen64.dll
Event: 0.117 Loaded shared library C:\Program Files\Java\jdk-20\bin\extnet.dll
Event: 0.122 Loaded shared library C:\Program Files\Java\jdk-20\bin\jimage.dll
Event: 0.228 Loaded shared library C:\Program Files\Java\jdk-20\bin\verify.dll
Event: 0.274 Loaded shared library C:\Program Files\IBM\ILOG\CPLEX_Studio1263\opl\bin\x64_win64\cplex1263remotejni.dll

Deoptimization events (20 events):
Event: 0.164 Thread 0x00000249e198eb90 DEOPT PACKING pc=0x00000249f151d7e0 sp=0x000000f09edfe220
Event: 0.164 Thread 0x00000249e198eb90 DEOPT UNPACKING pc=0x00000249f0fd9d22 sp=0x000000f09edfe1b0 mode 2
Event: 0.164 Thread 0x00000249e198eb90 Uncommon trap: trap_request=0xffffffde fr.pc=0x00000249f151d7e0 relative=0x0000000000000960
Event: 0.164 Thread 0x00000249e198eb90 Uncommon trap: reason=class_check action=maybe_recompile pc=0x00000249f151d7e0 method=java.util.HashMap.putVal(ILjava/lang/Object;Ljava/lang/Object;ZZ)Ljava/lang/Object; @ 152 c2
Event: 0.164 Thread 0x00000249e198eb90 DEOPT PACKING pc=0x00000249f151d7e0 sp=0x000000f09edfe220
Event: 0.164 Thread 0x00000249e198eb90 DEOPT UNPACKING pc=0x00000249f0fd9d22 sp=0x000000f09edfe1b0 mode 2
Event: 0.180 Thread 0x00000249e198eb90 Uncommon trap: trap_request=0xffffff76 fr.pc=0x00000249f1529db8 relative=0x0000000000000198
Event: 0.180 Thread 0x00000249e198eb90 Uncommon trap: reason=predicate action=maybe_recompile pc=0x00000249f1529db8 method=java.util.regex.Pattern$BmpCharPropertyGreedy.match(Ljava/util/regex/Matcher;ILjava/lang/CharSequence;)Z @ 12 c2
Event: 0.180 Thread 0x00000249e198eb90 DEOPT PACKING pc=0x00000249f1529db8 sp=0x000000f09edfeed0
Event: 0.180 Thread 0x00000249e198eb90 DEOPT UNPACKING pc=0x00000249f0fd9d22 sp=0x000000f09edfee68 mode 2
Event: 0.181 Thread 0x00000249e198eb90 Uncommon trap: trap_request=0xffffff45 fr.pc=0x00000249f1533054 relative=0x0000000000000054
Event: 0.181 Thread 0x00000249e198eb90 Uncommon trap: reason=unstable_if action=reinterpret pc=0x00000249f1533054 method=java.lang.CharacterData.of(I)Ljava/lang/CharacterData; @ 4 c2
Event: 0.181 Thread 0x00000249e198eb90 DEOPT PACKING pc=0x00000249f1533054 sp=0x000000f09edfe690
Event: 0.181 Thread 0x00000249e198eb90 DEOPT UNPACKING pc=0x00000249f0fd9d22 sp=0x000000f09edfe630 mode 2
Event: 0.207 Thread 0x00000249e198eb90 DEOPT PACKING pc=0x00000249e9ac008f sp=0x000000f09edff060
Event: 0.207 Thread 0x00000249e198eb90 DEOPT UNPACKING pc=0x00000249f0fda4c2 sp=0x000000f09edfe520 mode 0
Event: 0.222 Thread 0x00000249e198eb90 DEOPT PACKING pc=0x00000249e9a66c57 sp=0x000000f09edf4ec0
Event: 0.222 Thread 0x00000249e198eb90 DEOPT UNPACKING pc=0x00000249f0fda4c2 sp=0x000000f09edf42e0 mode 0
Event: 0.327 Thread 0x00000249e198eb90 DEOPT PACKING pc=0x00000249e9ad20f5 sp=0x000000f09edf9780
Event: 0.327 Thread 0x00000249e198eb90 DEOPT UNPACKING pc=0x00000249f0fda4c2 sp=0x000000f09edf8bd0 mode 0

Classes loaded (20 events):
Event: 0.180 Loading class jdk/internal/math/FormattedFloatingDecimal$Form
Event: 0.180 Loading class jdk/internal/math/FormattedFloatingDecimal$Form done
Event: 0.180 Loading class jdk/internal/math/FormattedFloatingDecimal
Event: 0.180 Loading class jdk/internal/math/FormattedFloatingDecimal done
Event: 0.180 Loading class jdk/internal/math/FormattedFloatingDecimal$1
Event: 0.180 Loading class jdk/internal/math/FormattedFloatingDecimal$1 done
Event: 0.180 Loading class jdk/internal/math/FDBigInteger
Event: 0.180 Loading class jdk/internal/math/FDBigInteger done
Event: 0.181 Loading class jdk/internal/math/FormattedFloatingDecimal$2
Event: 0.181 Loading class jdk/internal/math/FormattedFloatingDecimal$2 done
Event: 0.190 Loading class java/lang/invoke/MethodHandle$1
Event: 0.190 Loading class java/lang/invoke/MethodHandle$1 done
Event: 0.268 Loading class java/io/UnsupportedEncodingException
Event: 0.268 Loading class java/io/UnsupportedEncodingException done
Event: 0.271 Loading class java/lang/UnsatisfiedLinkError
Event: 0.271 Loading class java/lang/UnsatisfiedLinkError done
Event: 0.271 Loading class java/lang/SecurityException
Event: 0.271 Loading class java/lang/SecurityException done
Event: 0.280 Loading class java/util/LinkedHashMap$LinkedKeyIterator
Event: 0.280 Loading class java/util/LinkedHashMap$LinkedKeyIterator done

Classes unloaded (0 events):
No events

Classes redefined (0 events):
No events

Internal exceptions (4 events):
Event: 0.102 Thread 0x00000249e198eb90 Exception <a 'java/lang/NoSuchMethodError'{0x0000000710ffb7f8}: 'void java.lang.invoke.DirectMethodHandle$Holder.invokeStatic(java.lang.Object, java.lang.Object, java.lang.Object)'> (0x0000000710ffb7f8) 
thrown [s\open\src\hotspot\share\interpreter\linkResolver.cpp, line 773]
Event: 0.105 Thread 0x00000249e198eb90 Exception <a 'java/lang/NoSuchMethodError'{0x0000000710c13338}: 'java.lang.Object java.lang.invoke.Invokers$Holder.invokeExact_MT(java.lang.Object, java.lang.Object, java.lang.Object, java.lang.Object, java.lang.Object)'> (0x0000000710c13338) 
thrown [s\open\src\hotspot\share\interpreter\linkResolver.cpp, line 773]
Event: 0.118 Thread 0x00000249ff738eb0 Exception <a 'java/lang/NoSuchMethodError'{0x0000000710c78ab8}: 'void java.lang.invoke.DirectMethodHandle$Holder.invokeStatic(java.lang.Object, java.lang.Object)'> (0x0000000710c78ab8) 
thrown [s\open\src\hotspot\share\interpreter\linkResolver.cpp, line 773]
Event: 0.171 Thread 0x00000249e198eb90 Exception <a 'java/lang/NoSuchMethodError'{0x0000000710a07090}: 'java.lang.Object java.lang.invoke.Invokers$Holder.invokeExact_MT(java.lang.Object, java.lang.Object, java.lang.Object, java.lang.Object, java.lang.Object, java.lang.Object)'> (0x0000000710a07090) 
thrown [s\open\src\hotspot\share\interpreter\linkResolver.cpp, line 773]

VM Operations (12 events):
Event: 0.061 Executing VM operation: HandshakeAllThreads
Event: 0.061 Executing VM operation: HandshakeAllThreads done
Event: 0.111 Executing VM operation: HandshakeAllThreads
Event: 0.111 Executing VM operation: HandshakeAllThreads done
Event: 0.178 Executing VM operation: HandshakeAllThreads
Event: 0.178 Executing VM operation: HandshakeAllThreads done
Event: 0.227 Executing VM operation: HandshakeAllThreads
Event: 0.227 Executing VM operation: HandshakeAllThreads done
Event: 0.664 Executing VM operation: G1CollectForAllocation
Event: 0.668 Executing VM operation: G1CollectForAllocation done
Event: 0.707 Executing VM operation: G1CollectForAllocation
Event: 0.711 Executing VM operation: G1CollectForAllocation done

Events (13 events):
Event: 0.019 Thread 0x00000249e198eb90 Thread added: 0x00000249e198eb90
Event: 0.032 Thread 0x00000249ff3d09e0 Thread added: 0x00000249ff3d09e0
Event: 0.032 Thread 0x00000249ff3d3430 Thread added: 0x00000249ff3d3430
Event: 0.032 Thread 0x00000249ff3d6a00 Thread added: 0x00000249ff3d6a00
Event: 0.032 Thread 0x00000249ff3d9350 Thread added: 0x00000249ff3d9350
Event: 0.032 Thread 0x00000249ff3daca0 Thread added: 0x00000249ff3daca0
Event: 0.032 Thread 0x00000249ff3db710 Thread added: 0x00000249ff3db710
Event: 0.033 Thread 0x00000249ff3e2270 Thread added: 0x00000249ff3e2270
Event: 0.033 Thread 0x00000249ff3ee460 Thread added: 0x00000249ff3ee460
Event: 0.056 Thread 0x00000249ff39c550 Thread added: 0x00000249ff39c550
Event: 0.086 Thread 0x00000249ff69b6b0 Thread added: 0x00000249ff69b6b0
Event: 0.109 Thread 0x00000249ff738eb0 Thread added: 0x00000249ff738eb0
Event: 0.109 Thread 0x00000249ff739400 Thread added: 0x00000249ff739400


Dynamic libraries:
0x00007ff7ef280000 - 0x00007ff7ef290000 	C:\Program Files\Java\jdk-20\bin\java.exe
0x00007ffbed350000 - 0x00007ffbed564000 	C:\WINDOWS\SYSTEM32\ntdll.dll
0x00007ffbebe80000 - 0x00007ffbebf42000 	C:\WINDOWS\System32\KERNEL32.DLL
0x00007ffbea900000 - 0x00007ffbeaca3000 	C:\WINDOWS\System32\KERNELBASE.dll
0x00007ffbeb030000 - 0x00007ffbeb141000 	C:\WINDOWS\System32\ucrtbase.dll
0x00007ffbe6180000 - 0x00007ffbe619b000 	C:\Program Files\Java\jdk-20\bin\VCRUNTIME140.dll
0x00007ffbe61a0000 - 0x00007ffbe61b9000 	C:\Program Files\Java\jdk-20\bin\jli.dll
0x00007ffbebf50000 - 0x00007ffbebffe000 	C:\WINDOWS\System32\ADVAPI32.dll
0x00007ffbeb4a0000 - 0x00007ffbeb547000 	C:\WINDOWS\System32\msvcrt.dll
0x00007ffbeb550000 - 0x00007ffbeb5f4000 	C:\WINDOWS\System32\sechost.dll
0x00007ffbebbb0000 - 0x00007ffbebcc7000 	C:\WINDOWS\System32\RPCRT4.dll
0x00007ffbeb1d0000 - 0x00007ffbeb37b000 	C:\WINDOWS\System32\USER32.dll
0x00007ffbd2f00000 - 0x00007ffbd318e000 	C:\WINDOWS\WinSxS\amd64_microsoft.windows.common-controls_6595b64144ccf1df_6.0.22621.1635_none_270f70857386168e\COMCTL32.dll
0x00007ffbeaf40000 - 0x00007ffbeaf66000 	C:\WINDOWS\System32\win32u.dll
0x00007ffbec560000 - 0x00007ffbec589000 	C:\WINDOWS\System32\GDI32.dll
0x00007ffbea7e0000 - 0x00007ffbea8f8000 	C:\WINDOWS\System32\gdi32full.dll
0x00007ffbead30000 - 0x00007ffbeadca000 	C:\WINDOWS\System32\msvcp_win.dll
0x00007ffbe1b90000 - 0x00007ffbe1b9a000 	C:\WINDOWS\SYSTEM32\VERSION.dll
0x00007ffbeb6e0000 - 0x00007ffbeb711000 	C:\WINDOWS\System32\IMM32.DLL
0x00007ffbe5de0000 - 0x00007ffbe5dec000 	C:\Program Files\Java\jdk-20\bin\vcruntime140_1.dll
0x00007ffbd5bc0000 - 0x00007ffbd5c4e000 	C:\Program Files\Java\jdk-20\bin\msvcp140.dll
0x00007ffb17780000 - 0x00007ffb18417000 	C:\Program Files\Java\jdk-20\bin\server\jvm.dll
0x00007ffbe1ba0000 - 0x00007ffbe1bd4000 	C:\WINDOWS\SYSTEM32\WINMM.dll
0x00007ffbbf0f0000 - 0x00007ffbbf0f9000 	C:\WINDOWS\SYSTEM32\WSOCK32.dll
0x00007ffbec010000 - 0x00007ffbec081000 	C:\WINDOWS\System32\WS2_32.dll
0x00007ffbe9780000 - 0x00007ffbe9798000 	C:\WINDOWS\SYSTEM32\kernel.appcore.dll
0x00007ffbe5b40000 - 0x00007ffbe5b4a000 	C:\Program Files\Java\jdk-20\bin\jimage.dll
0x00007ffbdb9c0000 - 0x00007ffbdbbee000 	C:\WINDOWS\SYSTEM32\DBGHELP.DLL
0x00007ffbeb820000 - 0x00007ffbebba9000 	C:\WINDOWS\System32\combase.dll
0x00007ffbeb600000 - 0x00007ffbeb6d7000 	C:\WINDOWS\System32\OLEAUT32.dll
0x00007ffbb6d30000 - 0x00007ffbb6d62000 	C:\WINDOWS\SYSTEM32\dbgcore.DLL
0x00007ffbeacb0000 - 0x00007ffbead2b000 	C:\WINDOWS\System32\bcryptPrimitives.dll
0x00007ffbe5b10000 - 0x00007ffbe5b1e000 	C:\Program Files\Java\jdk-20\bin\instrument.dll
0x00007ffbe37c0000 - 0x00007ffbe37e6000 	C:\Program Files\Java\jdk-20\bin\java.dll
0x00007ffbd5380000 - 0x00007ffbd5457000 	C:\Program Files\Java\jdk-20\bin\jsvml.dll
0x00007ffbec590000 - 0x00007ffbecd8a000 	C:\WINDOWS\System32\SHELL32.dll
0x00007ffbe8720000 - 0x00007ffbe8fee000 	C:\WINDOWS\SYSTEM32\windows.storage.dll
0x00007ffbe85e0000 - 0x00007ffbe871e000 	C:\WINDOWS\SYSTEM32\wintypes.dll
0x00007ffbed210000 - 0x00007ffbed301000 	C:\WINDOWS\System32\SHCORE.dll
0x00007ffbec330000 - 0x00007ffbec38e000 	C:\WINDOWS\System32\shlwapi.dll
0x00007ffbea6a0000 - 0x00007ffbea6c1000 	C:\WINDOWS\SYSTEM32\profapi.dll
0x00007ffbe30e0000 - 0x00007ffbe30f8000 	C:\Program Files\Java\jdk-20\bin\zip.dll
0x00007ffbe3140000 - 0x00007ffbe3153000 	C:\Program Files\Java\jdk-20\bin\net.dll
0x00007ffbe32c0000 - 0x00007ffbe33f7000 	C:\WINDOWS\SYSTEM32\WINHTTP.dll
0x00007ffbe9be0000 - 0x00007ffbe9c49000 	C:\WINDOWS\system32\mswsock.dll
0x00007ffbe3120000 - 0x00007ffbe3136000 	C:\Program Files\Java\jdk-20\bin\nio.dll
0x00007ffbd9c60000 - 0x00007ffbd9c7a000 	C:\Program Files\JetBrains\IntelliJ IDEA Community Edition 2023.1\bin\breakgen64.dll
0x00007ffbe37b0000 - 0x00007ffbe37b7000 	C:\Program Files\Java\jdk-20\bin\extnet.dll
0x00007ffbe30d0000 - 0x00007ffbe30e0000 	C:\Program Files\Java\jdk-20\bin\verify.dll
0x00007ffb06fb0000 - 0x00007ffb085c2000 	C:\Program Files\IBM\ILOG\CPLEX_Studio1263\opl\bin\x64_win64\cplex1263remotejni.dll
0x00007ffbec550000 - 0x00007ffbec558000 	C:\WINDOWS\System32\PSAPI.DLL

dbghelp: loaded successfully - version: 4.0.5 - missing functions: none
symbol engine: initialized successfully - sym options: 0x614 - pdb path: .;C:\Program Files\Java\jdk-20\bin;C:\WINDOWS\SYSTEM32;C:\WINDOWS\WinSxS\amd64_microsoft.windows.common-controls_6595b64144ccf1df_6.0.22621.1635_none_270f70857386168e;C:\Program Files\Java\jdk-20\bin\server;C:\Program Files\JetBrains\IntelliJ IDEA Community Edition 2023.1\bin;C:\Program Files\IBM\ILOG\CPLEX_Studio1263\opl\bin\x64_win64

VM Arguments:
jvm_args: -javaagent:C:\Program Files\JetBrains\IntelliJ IDEA Community Edition 2023.1\lib\idea_rt.jar=7856:C:\Program Files\JetBrains\IntelliJ IDEA Community Edition 2023.1\bin -Dfile.encoding=UTF-8 -Dsun.stdout.encoding=UTF-8 -Dsun.stderr.encoding=UTF-8 
java_command: GraphModel C:\Users\Lanczos\IdeaProjects\ESPPRC\data\solomon_25\c103.txt
java_class_path (initial): C:\Users\Lanczos\IdeaProjects\ESPPRC\out\production\ESPPRC;C:\Program Files\IBM\ILOG\CPLEX_Studio1263\cplex\lib\cplex.jar;C:\Users\Lanczos\Desktop\jgrapht-1.3.0\lib\jheaps-0.9.jar;C:\Users\Lanczos\Desktop\jgrapht-1.3.0\lib\fastutil-8.2.2.jar;C:\Users\Lanczos\Desktop\jgrapht-1.3.0\lib\guava-26.0-jre.jar;C:\Users\Lanczos\Desktop\jgrapht-1.3.0\lib\jgraphx-3.4.1.3.jar;C:\Users\Lanczos\Desktop\jgrapht-1.3.0\lib\commons-text-1.5.jar;C:\Users\Lanczos\Desktop\jgrapht-1.3.0\lib\jgrapht-io-1.3.0.jar;C:\Users\Lanczos\Desktop\jgrapht-1.3.0\lib\jgrapht-ext-1.3.0.jar;C:\Users\Lanczos\Desktop\jgrapht-1.3.0\lib\jgrapht-opt-1.3.0.jar;C:\Users\Lanczos\Desktop\jgrapht-1.3.0\lib\jgrapht-core-1.3.0.jar;C:\Users\Lanczos\Desktop\jgrapht-1.3.0\lib\jgrapht-demo-1.3.0.jar;C:\Users\Lanczos\Desktop\jgrapht-1.3.0\lib\commons-lang3-3.8.1.jar;C:\Users\Lanczos\Desktop\jgrapht-1.3.0\lib\jgrapht-guava-1.3.0.jar;C:\Users\Lanczos\Desktop\jgrapht-1.3.0\lib\antlr4-runtime-4.7.1.jar;C:\Users\Lanczos\Desktop\jgrapht-1.3.0\lib\jgrapht-bundle-1.3.0.jar;C:\Users\Lanczos\Desktop\algs4.jar
Launcher Type: SUN_STANDARD

[Global flags]
     intx CICompilerCount                          = 4                                         {product} {ergonomic}
     uint ConcGCThreads                            = 3                                         {product} {ergonomic}
     uint G1ConcRefinementThreads                  = 10                                        {product} {ergonomic}
   size_t G1HeapRegionSize                         = 2097152                                   {product} {ergonomic}
    uintx GCDrainStackTargetSize                   = 64                                        {product} {ergonomic}
   size_t InitialHeapSize                          = 268435456                                 {product} {ergonomic}
   size_t MarkStackSize                            = 4194304                                   {product} {ergonomic}
   size_t MaxHeapSize                              = 4276092928                                {product} {ergonomic}
   size_t MaxNewSize                               = 2564816896                                {product} {ergonomic}
   size_t MinHeapDeltaBytes                        = 2097152                                   {product} {ergonomic}
   size_t MinHeapSize                              = 8388608                                   {product} {ergonomic}
    uintx NonNMethodCodeHeapSize                   = 5839372                                {pd product} {ergonomic}
    uintx NonProfiledCodeHeapSize                  = 122909434                              {pd product} {ergonomic}
    uintx ProfiledCodeHeapSize                     = 122909434                              {pd product} {ergonomic}
    uintx ReservedCodeCacheSize                    = 251658240                              {pd product} {ergonomic}
     bool SegmentedCodeCache                       = true                                      {product} {ergonomic}
   size_t SoftMaxHeapSize                          = 4276092928                             {manageable} {ergonomic}
     bool UseCompressedClassPointers               = true                           {product lp64_product} {ergonomic}
     bool UseCompressedOops                        = true                           {product lp64_product} {ergonomic}
     bool UseG1GC                                  = true                                      {product} {ergonomic}
     bool UseLargePagesIndividualAllocation        = false                                  {pd product} {ergonomic}

Logging:
Log output configuration:
 #0: stdout all=warning uptime,level,tags foldmultilines=false
 #1: stderr all=off uptime,level,tags foldmultilines=false

Environment Variables:
PATH=C:\Program Files\Common Files\Oracle\Java\javapath;C:\Program Files\IBM\ILOG\CPLEX_Studio1263\opl\bin\x64_win64;C:\Program Files\IBM\ILOG\CPLEX_Studio1263\opl\oplide\;C:\Program Files\IBM\ILOG\CPLEX_Studio1263\cplex\bin\x64_win64;C:\Program Files\IBM\ILOG\CPLEX_Studio1263\cpoptimizer\bin\x64_win64;C:\Program Files\copt60\bin;C:\Program Files (x86)\VMware\VMware Workstation\bin\;C:\Program Files (x86)\NVIDIA Corporation\PhysX\Common;C:\WINDOWS\system32;C:\WINDOWS;C:\WINDOWS\System32\Wbem;C:\WINDOWS\System32\WindowsPowerShell\v1.0\;C:\WINDOWS\System32\OpenSSH\;C:\Program Files\Microsoft SQL Server\Client SDK\ODBC\110\Tools\Binn\;C:\Program Files (x86)\Microsoft SQL Server\120\Tools\Binn\;C:\Program Files\Microsoft SQL Server\120\Tools\Binn\;C:\Program Files\Microsoft SQL Server\120\DTS\Binn\;C:\Program Files (x86)\Windows Kits\8.1\Windows Performance Toolkit\;C:\Program Files\dotnet\;D:\Program Files\MATLAB\R2022a\runtime\win64;D:\Program Files\MATLAB\R2022a\bin;C:\Program Files (x86)\NetSarang\Xshell 7\;C:\Program Files\Git\cmd;C:\Program Files\Git\mingw64\bin;C:\Program Files\Git\usr\bin;C:\Program Files\nodejs\;C:\Users\Lanczos\AppData\Local\Programs\Python\Python311\Scripts\;C:\Users\Lanczos\AppData\Local\Programs\Python\Python311\;C:\Users\Lanczos\AppData\Local\Programs\Python\Python310\Scripts\;C:\Users\Lanczos\AppData\Local\Programs\Python\Python310\;C:\Users\Lanczos\AppData\Local\Microsoft\WindowsApps;C:\msys64\mingw64\bin;C:\Users\Lanczos\AppData\Local\Programs\Microsoft VS Code\bin;C:\Users\Lanczos\AppData\Roaming\npm;C:\Program Files\JetBrains\PyCharm Community Edition 2023.1\bin;;C:\Program Files\JetBrains\IntelliJ IDEA Community Edition 2023.1\bin;
USERNAME=Lanczos
OS=Windows_NT
PROCESSOR_IDENTIFIER=AMD64 Family 25 Model 33 Stepping 2, AuthenticAMD
TMP=C:\Users\Lanczos\AppData\Local\Temp
TEMP=C:\Users\Lanczos\AppData\Local\Temp




---------------  S Y S T E M  ---------------

OS:
 Windows 11 , 64 bit Build 22621 (10.0.22621.1635)
OS uptime: 2 days 10:39 hours
Hyper-V role detected

CPU: total 12 (initial active 12) (12 cores per cpu, 2 threads per core) family 25 model 33 stepping 2 microcode 0x0, cx8, cmov, fxsr, ht, mmx, 3dnowpref, sse, sse2, sse3, ssse3, sse4a, sse4.1, sse4.2, popcnt, lzcnt, tsc, tscinvbit, avx, avx2, aes, erms, clmul, bmi1, bmi2, adx, sha, fma, vzeroupper, clflush, clflushopt, hv, rdtscp, rdpid, fsrm, f16c, cet_ss

Memory: 4k page, system-wide physical 16309M (5545M free)
TotalPageFile size 44524M (AvailPageFile size 27346M)
current process WorkingSet (physical memory assigned to process): 119M, peak: 123M
current process commit charge ("private bytes"): 383M, peak: 386M

vm_info: Java HotSpot(TM) 64-Bit Server VM (20.0.1+9-29) for windows-amd64 JRE (20.0.1+9-29), built on 2023-03-07T13:56:11Z by "mach5one" with MS VC++ 17.1 (VS2022)

END.
