#
# A fatal error has been detected by the Java Runtime Environment:
#
#  EXCEPTION_ACCESS_VIOLATION (0xc0000005) at pc=0x00007ffb074343b4, pid=25288, tid=12432
#
# JRE version: Java(TM) SE Runtime Environment (20.0.1+9) (build 20.0.1+9-29)
# Java VM: Java HotSpot(TM) 64-Bit Server VM (20.0.1+9-29, mixed mode, sharing, tiered, compressed oops, compressed class ptrs, g1 gc, windows-amd64)
# Problematic frame:
# C  [cplex1263remotejni.dll+0x4843b4]
#
# No core dump will be written. Minidumps are not enabled by default on client versions of Windows
#
# If you would like to submit a bug report, please visit:
#   https://bugreport.java.com/bugreport/crash.jsp
# The crash happened outside the Java Virtual Machine in native code.
# See problematic frame for where to report the bug.
#

---------------  S U M M A R Y ------------

Command Line: -javaagent:C:\Program Files\JetBrains\IntelliJ IDEA Community Edition 2023.1\lib\idea_rt.jar=7863:C:\Program Files\JetBrains\IntelliJ IDEA Community Edition 2023.1\bin -Dfile.encoding=UTF-8 -Dsun.stdout.encoding=UTF-8 -Dsun.stderr.encoding=UTF-8 GraphModel C:\Users\Lanczos\IdeaProjects\ESPPRC\data\solomon_25\c103.txt

Host: AMD Ryzen 5 5600 6-Core Processor              , 12 cores, 15G,  Windows 11 , 64 bit Build 22621 (10.0.22621.1635)
Time: Wed May 31 20:15:52 2023  Windows 11 , 64 bit Build 22621 (10.0.22621.1635) elapsed time: 0.821694 seconds (0d 0h 0m 0s)

---------------  T H R E A D  ---------------

Current thread (0x000001b6b492eaf0):  JavaThread "main" [_thread_in_native, id=12432, stack(0x000000644e700000,0x000000644e800000)]

Stack: [0x000000644e700000,0x000000644e800000],  sp=0x000000644e7fcdb0,  free space=1011k
Native frames: (J=compiled Java code, j=interpreted, Vv=VM code, C=native code)
C  [cplex1263remotejni.dll+0x4843b4]

Java frames: (J=compiled Java code, j=interpreted, Vv=VM code)
j  ilog.cplex.Cplex.CPXmipopt(JJ)I+0
j  ilog.cplex.CplexI$SolveHandle.start()V+278
j  ilog.cplex.CplexI.solve()V+12
j  ilog.cplex.IloCplex.solve()Z+4
j  MipModel.<init>(LGraphModel;LScenario;)V+2896
j  GraphModel.main([Ljava/lang/String;)V+54
v  ~StubRoutines::call_stub 0x000001b6c3f1100d

siginfo: EXCEPTION_ACCESS_VIOLATION (0xc0000005), reading address 0x0000025e0000024a


Registers:
RAX=0x000001b6d90c52d0, RBX=0x0000000000000000, RCX=0x000001b6d90c4580, RDX=0x0000025e0000024a
RSP=0x000000644e7fcdb0, RBP=0x000001b6d90c4580, RSI=0x0000000000000000, RDI=0x000001b6d9879cc0
R8 =0x7ffffffffcbc3000, R9 =0x000000001e3ebcdf, R10=0x0000000000000002, R11=0x0000000000000001
R12=0x000001b6d96dd300, R13=0x000001b6d94dd120, R14=0x000001b6d90c4580, R15=0x0000025e0000024a
RIP=0x00007ffb074343b4, EFLAGS=0x0000000000010202


Register to memory mapping:

RIP=0x00007ffb074343b4 cplex1263remotejni.dll
RAX=0x000001b6d90c52d0 points into unknown readable memory: 0x0000000000000000 | 00 00 00 00 00 00 00 00
RBX=0x0 is NULL
RCX=0x000001b6d90c4580 points into unknown readable memory: 0x0000000043705865 | 65 58 70 43 00 00 00 00
RDX=0x0000025e0000024a is an unknown value
RSP=0x000000644e7fcdb0 is pointing into the stack for thread: 0x000001b6b492eaf0
RBP=0x000001b6d90c4580 points into unknown readable memory: 0x0000000043705865 | 65 58 70 43 00 00 00 00
RSI=0x0 is NULL
RDI=0x000001b6d9879cc0 points into unknown readable memory: 0xbff0000000000000 | 00 00 00 00 00 00 f0 bf
R8 =0x7ffffffffcbc3000 is an unknown value
R9 =0x000000001e3ebcdf is an unknown value
R10=0x0000000000000002 is an unknown value
R11=0x0000000000000001 is an unknown value
R12=0x000001b6d96dd300 points into unknown readable memory: 0x0000029800000297 | 97 02 00 00 98 02 00 00
R13=0x000001b6d94dd120 points into unknown readable memory: 0x0000000000000000 | 00 00 00 00 00 00 00 00
R14=0x000001b6d90c4580 points into unknown readable memory: 0x0000000043705865 | 65 58 70 43 00 00 00 00
R15=0x0000025e0000024a is an unknown value


Top of Stack: (sp=0x000000644e7fcdb0)
0x000000644e7fcdb0:   0000000000000000 00007ffb1795ee85
0x000000644e7fcdc0:   000000644e7fcc70 0000000000000000
0x000000644e7fcdd0:   409e013db0333333 0000000000000000
0x000000644e7fcde0:   000001b6d4345328 0000000000000000
0x000000644e7fcdf0:   000001b6d94b8300 00007ffb073ae9d2
0x000000644e7fce00:   000001b6b492edd0 000001b6d95a9510
0x000000644e7fce10:   000001b6b492edd0 00007ffb07863709
0x000000644e7fce20:   000001b6d4345320 000001b6d95a9510
0x000000644e7fce30:   000001b6d4345328 000001b6d90c4580
0x000000644e7fce40:   000000644e7fe288 0000000000000002
0x000000644e7fce50:   000001b6d8715788 000001b6d4345320
0x000000644e7fce60:   405033b710000000 000001b6d8715788
0x000000644e7fce70:   fffffffffffffffe 0000000000000000
0x000000644e7fce80:   000000644e7fd084 000000644e7fe288
0x000000644e7fce90:   000001b6d90c4580 000001b6d96dd300
0x000000644e7fcea0:   000001b6d955b4c0 00007ffb07863763
0x000000644e7fceb0:   000001b6d90c4580 0000000000000073
0x000000644e7fcec0:   00000000d9879cc0 000001b6b492edd0
0x000000644e7fced0:   000000644e7fcf50 000001b6d96dd300
0x000000644e7fcee0:   000001b600000000 00007ffb073be37d
0x000000644e7fcef0:   000001b6d94b8300 7ffffffffcbc3000
0x000000644e7fcf00:   409e013db0333333 0000000000000000
0x000000644e7fcf10:   000000001e3ebcdf 4f81afd6ec0e1411
0x000000644e7fcf20:   cf81afd6ec0e1411 000001b600000001
0x000000644e7fcf30:   000001b600000000 000001b600000001
0x000000644e7fcf40:   0000000000000000 0000000000000000
0x000000644e7fcf50:   4042a7ae00000000 0000000000000000
0x000000644e7fcf60:   000001b6d94b8300 000001b6d90c4580
0x000000644e7fcf70:   000000644e7fd3a8 000001b6d96dd300
0x000000644e7fcf80:   000001b6d9879cc0 0000000000000002
0x000000644e7fcf90:   00000000000003ee 00007ffb074931d9
0x000000644e7fcfa0:   0000000000000001 0000000000000000 

Instructions: (pc=0x00007ffb074343b4)
0x00007ffb074342b4:   75 0a 48 8b 41 08 f2 0f 10 40 38 c3 48 8b 41 08
0x00007ffb074342c4:   f2 0f 10 1d 74 7e a6 00 0f 28 cb f2 0f 10 50 30
0x00007ffb074342d4:   66 0f 2f da 76 5b f2 0f 10 41 28 f2 0f 10 61 30
0x00007ffb074342e4:   66 0f 2f d8 76 21 66 0f 2f dc 76 30 0f 28 ca 0f
0x00007ffb074342f4:   54 0d f6 7c a6 00 f2 0f 59 c1 0f 28 ca f2 0f 5d
0x00007ffb07434304:   e0 f2 0f 58 cc eb 2a 66 0f 2f dc 76 09 0f 28 cc
0x00007ffb07434314:   f2 0f 58 ca eb 1b 66 0f 2f d8 76 15 0f 28 ca 0f
0x00007ffb07434324:   54 0d c6 7c a6 00 f2 0f 59 c1 0f 28 ca f2 0f 58
0x00007ffb07434334:   c8 66 0f 2f d9 76 2e 0f 28 d1 0f 54 15 ab 7c a6
0x00007ffb07434344:   00 66 0f 2f 15 03 7e a6 00 76 12 f2 0f 10 05 f1
0x00007ffb07434354:   7d a6 00 f2 0f 59 d0 f2 0f 58 ca eb 08 f2 0f 58
0x00007ffb07434364:   0d df 7d a6 00 f2 0f 10 40 40 f2 0f 5d c1 c3 90
0x00007ffb07434374:   48 8d 74 26 00 48 8d bf 00 00 00 00 48 8b 41 08
0x00007ffb07434384:   83 79 1c 00 74 06 f2 0f 10 40 38 c3 f2 0f 10 40
0x00007ffb07434394:   40 c3 48 89 f6 48 8d bf 00 00 00 00 41 56 41 57
0x00007ffb074343a4:   48 83 ec 38 49 89 d7 49 89 ce 44 0f 29 64 24 20
0x00007ffb074343b4:   49 8b 0f e8 e4 d1 e8 ff 85 c0 75 30 e8 8b 06 e0
0x00007ffb074343c4:   ff 44 0f 28 e0 49 8b 0f e8 2f d2 e8 ff 41 0f 28
0x00007ffb074343d4:   c4 e8 c6 06 e0 ff f2 41 0f 10 8e e8 05 00 00 f2
0x00007ffb074343e4:   0f 58 c1 f2 41 0f 11 86 e8 05 00 00 49 8b 47 08
0x00007ffb074343f4:   41 83 7f 1c 00 74 08 f2 44 0f 10 60 38 eb 06 f2
0x00007ffb07434404:   44 0f 10 60 40 49 8b 0f e8 4f d2 e8 ff 41 0f 28
0x00007ffb07434414:   c4 44 0f 28 64 24 20 48 83 c4 38 41 5f 41 5e c3
0x00007ffb07434424:   90 48 8d 74 26 00 90 48 8d 7c 27 00 83 79 20 00
0x00007ffb07434434:   74 0a 48 8b 41 08 f2 0f 10 40 40 c3 48 8b 41 08
0x00007ffb07434444:   83 79 1c 00 74 06 f2 0f 10 40 38 c3 f2 0f 10 40
0x00007ffb07434454:   40 c3 48 89 f6 48 8d bf 00 00 00 00 48 8b 42 08
0x00007ffb07434464:   48 8b 51 58 f2 0f 10 25 e8 7c a6 00 f2 0f 10 40
0x00007ffb07434474:   30 0f 28 c8 f2 0f 10 9a 68 02 00 00 f2 0f 5c ca
0x00007ffb07434484:   f2 0f 59 dc 0f 54 0d 71 7b a6 00 66 0f 2f d9 77
0x00007ffb07434494:   5a 0f 54 05 64 7b a6 00 f2 0f 10 92 70 02 00 00
0x00007ffb074344a4:   f2 0f 58 05 b4 7c a6 00 f2 0f 59 d0 66 0f 2f d1 


Stack slot to memory mapping:
stack at sp + 0 slots: 0x0 is NULL
stack at sp + 1 slots: 0x00007ffb1795ee85 jvm.dll
stack at sp + 2 slots: 0x000000644e7fcc70 is pointing into the stack for thread: 0x000001b6b492eaf0
stack at sp + 3 slots: 0x0 is NULL
stack at sp + 4 slots: 0x409e013db0333333 is an unknown value
stack at sp + 5 slots: 0x0 is NULL
stack at sp + 6 slots: 0x000001b6d4345328 points into unknown readable memory: 0x0000000000000000 | 00 00 00 00 00 00 00 00
stack at sp + 7 slots: 0x0 is NULL


---------------  P R O C E S S  ---------------

Threads class SMR info:
_java_thread_list=0x000001b6d8959cb0, length=12, elements={
0x000001b6b492eaf0, 0x000001b6d4362230, 0x000001b6d4362d70, 0x000001b6d4368350,
0x000001b6d436aca0, 0x000001b6d436eb70, 0x000001b6d436f4b0, 0x000001b6d4370f90,
0x000001b6d4383e10, 0x000001b6d84bb770, 0x000001b6d86d0e40, 0x000001b6d86d1390
}

Java Threads: ( => current thread )
=>0x000001b6b492eaf0 JavaThread "main" [_thread_in_native, id=12432, stack(0x000000644e700000,0x000000644e800000)]
  0x000001b6d4362230 JavaThread "Reference Handler" daemon [_thread_blocked, id=16580, stack(0x000000644ee00000,0x000000644ef00000)]
  0x000001b6d4362d70 JavaThread "Finalizer" daemon [_thread_blocked, id=21840, stack(0x000000644ef00000,0x000000644f000000)]
  0x000001b6d4368350 JavaThread "Signal Dispatcher" daemon [_thread_blocked, id=15412, stack(0x000000644f000000,0x000000644f100000)]
  0x000001b6d436aca0 JavaThread "Attach Listener" daemon [_thread_blocked, id=27572, stack(0x000000644f100000,0x000000644f200000)]
  0x000001b6d436eb70 JavaThread "Service Thread" daemon [_thread_blocked, id=25580, stack(0x000000644f200000,0x000000644f300000)]
  0x000001b6d436f4b0 JavaThread "Monitor Deflation Thread" daemon [_thread_blocked, id=3568, stack(0x000000644f300000,0x000000644f400000)]
  0x000001b6d4370f90 JavaThread "C2 CompilerThread0" daemon [_thread_in_native, id=26804, stack(0x000000644f400000,0x000000644f500000)]
  0x000001b6d4383e10 JavaThread "C1 CompilerThread0" daemon [_thread_blocked, id=11520, stack(0x000000644f500000,0x000000644f600000)]
  0x000001b6d84bb770 JavaThread "Common-Cleaner" daemon [_thread_blocked, id=8384, stack(0x000000644f600000,0x000000644f700000)]
  0x000001b6d86d0e40 JavaThread "Monitor Ctrl-Break" daemon [_thread_in_native, id=4924, stack(0x000000644f800000,0x000000644f900000)]
  0x000001b6d86d1390 JavaThread "Notification Thread" daemon [_thread_blocked, id=29444, stack(0x000000644f900000,0x000000644fa00000)]

Other Threads:
  0x000001b6d4344d90 VMThread "VM Thread" [stack: 0x000000644ed00000,0x000000644ee00000] [id=14996]
  0x000001b6d86d2570 WatcherThread "VM Periodic Task Thread" [stack: 0x000000644fa00000,0x000000644fb00000] [id=27744]
  0x000001b6b499ebc0 WorkerThread "GC Thread#0" [stack: 0x000000644e800000,0x000000644e900000] [id=3012]
  0x000001b6d887d750 WorkerThread "GC Thread#1" [stack: 0x000000644f700000,0x000000644f800000] [id=22108]
  0x000001b6d887da20 WorkerThread "GC Thread#2" [stack: 0x0000006450600000,0x0000006450700000] [id=4828]
  0x000001b6d8a01420 WorkerThread "GC Thread#3" [stack: 0x0000006450700000,0x0000006450800000] [id=8464]
  0x000001b6d8a05a20 WorkerThread "GC Thread#4" [stack: 0x0000006450800000,0x0000006450900000] [id=16708]
  0x000001b6d8a06b00 WorkerThread "GC Thread#5" [stack: 0x0000006450900000,0x0000006450a00000] [id=16132]
  0x000001b6b49afca0 ConcurrentGCThread "G1 Main Marker" [stack: 0x000000644e900000,0x000000644ea00000] [id=12736]
  0x000001b6b49b0e70 WorkerThread "G1 Conc#0" [stack: 0x000000644ea00000,0x000000644eb00000] [id=17160]
  0x000001b6d41effb0 ConcurrentGCThread "G1 Refine#0" [stack: 0x000000644eb00000,0x000000644ec00000] [id=19160]
  0x000001b6d41f0700 ConcurrentGCThread "G1 Service" [stack: 0x000000644ec00000,0x000000644ed00000] [id=28100]

Threads with active compile tasks:
C2 CompilerThread0      871  990 %     4       MipModel$Callback::main @ 331 (440 bytes)

VM state: not at safepoint (normal execution)

VM Mutex/Monitor currently owned by a thread: None

Heap address: 0x0000000701200000, size: 4078 MB, Compressed Oops mode: Zero based, Oop shift amount: 3

CDS archive(s) mapped at: [0x0000000800000000-0x0000000800c60000-0x0000000800c60000), size 12976128, SharedBaseAddress: 0x0000000800000000, ArchiveRelocationMode: 0.
Compressed class space mapped at: 0x0000000801000000-0x0000000841000000, reserved size: 1073741824
Narrow klass base: 0x0000000800000000, Narrow klass shift: 0, Narrow klass range: 0x100000000

GC Precious Log:
 CardTable entry size: 512
 Card Set container configuration: InlinePtr #cards 4 size 8 Array Of Cards #cards 16 size 48 Howl #buckets 8 coarsen threshold 3686 Howl Bitmap #cards 512 size 80 coarsen threshold 460 Card regions per heap region 1 cards per card region 4096
 CPUs: 12 total, 12 available
 Memory: 16309M
 Large Page Support: Disabled
 NUMA Support: Disabled
 Compressed Oops: Enabled (Zero based)
 Heap Region Size: 2M
 Heap Min Capacity: 8M
 Heap Initial Capacity: 256M
 Heap Max Capacity: 4078M
 Pre-touch: Disabled
 Parallel Workers: 10
 Concurrent Workers: 3
 Concurrent Refinement Workers: 10
 Periodic GC: Disabled

Heap:
 garbage-first heap   total 262144K, used 26049K [0x0000000701200000, 0x0000000800000000)
  region size 2048K, 6 young (12288K), 2 survivors (4096K)
 Metaspace       used 3222K, committed 3456K, reserved 1114112K
  class space    used 301K, committed 384K, reserved 1048576K

Heap Regions: E=young(eden), S=young(survivor), O=old, HS=humongous(starts), HC=humongous(continues), CS=collection set, F=free, OA=open archive, CA=closed archive, TAMS=top-at-mark-start, PB=parsable bottom
|   0|0x0000000701200000, 0x0000000701400000, 0x0000000701400000|100%|HS|  |TAMS 0x0000000701200000| PB 0x0000000701200000| Complete 
|   1|0x0000000701400000, 0x0000000701600000, 0x0000000701600000|100%|HS|  |TAMS 0x0000000701400000| PB 0x0000000701400000| Complete 
|   2|0x0000000701600000, 0x0000000701800000, 0x0000000701800000|100%| O|  |TAMS 0x0000000701600000| PB 0x0000000701600000| Untracked 
|   3|0x0000000701800000, 0x0000000701a00000, 0x0000000701a00000|100%| O|  |TAMS 0x0000000701800000| PB 0x0000000701800000| Untracked 
|   4|0x0000000701a00000, 0x0000000701c00000, 0x0000000701c00000|100%| O|  |TAMS 0x0000000701a00000| PB 0x0000000701a00000| Untracked 
|   5|0x0000000701c00000, 0x0000000701e00000, 0x0000000701e00000|100%| O|  |TAMS 0x0000000701c00000| PB 0x0000000701c00000| Untracked 
|   6|0x0000000701e00000, 0x0000000702000000, 0x0000000702000000|100%| O|  |TAMS 0x0000000701e00000| PB 0x0000000701e00000| Untracked 
|   7|0x0000000702000000, 0x0000000702170600, 0x0000000702200000| 71%| O|  |TAMS 0x0000000702000000| PB 0x0000000702000000| Untracked 
|   8|0x0000000702200000, 0x0000000702200000, 0x0000000702400000|  0%| F|  |TAMS 0x0000000702200000| PB 0x0000000702200000| Untracked 
|   9|0x0000000702400000, 0x0000000702400000, 0x0000000702600000|  0%| F|  |TAMS 0x0000000702400000| PB 0x0000000702400000| Untracked 
|  10|0x0000000702600000, 0x0000000702600000, 0x0000000702800000|  0%| F|  |TAMS 0x0000000702600000| PB 0x0000000702600000| Untracked 
|  11|0x0000000702800000, 0x0000000702800000, 0x0000000702a00000|  0%| F|  |TAMS 0x0000000702800000| PB 0x0000000702800000| Untracked 
|  12|0x0000000702a00000, 0x0000000702a00000, 0x0000000702c00000|  0%| F|  |TAMS 0x0000000702a00000| PB 0x0000000702a00000| Untracked 
|  13|0x0000000702c00000, 0x0000000702c00000, 0x0000000702e00000|  0%| F|  |TAMS 0x0000000702c00000| PB 0x0000000702c00000| Untracked 
|  14|0x0000000702e00000, 0x0000000702e00000, 0x0000000703000000|  0%| F|  |TAMS 0x0000000702e00000| PB 0x0000000702e00000| Untracked 
|  15|0x0000000703000000, 0x0000000703000000, 0x0000000703200000|  0%| F|  |TAMS 0x0000000703000000| PB 0x0000000703000000| Untracked 
|  16|0x0000000703200000, 0x0000000703200000, 0x0000000703400000|  0%| F|  |TAMS 0x0000000703200000| PB 0x0000000703200000| Untracked 
|  17|0x0000000703400000, 0x0000000703400000, 0x0000000703600000|  0%| F|  |TAMS 0x0000000703400000| PB 0x0000000703400000| Untracked 
|  18|0x0000000703600000, 0x0000000703600000, 0x0000000703800000|  0%| F|  |TAMS 0x0000000703600000| PB 0x0000000703600000| Untracked 
|  19|0x0000000703800000, 0x0000000703800000, 0x0000000703a00000|  0%| F|  |TAMS 0x0000000703800000| PB 0x0000000703800000| Untracked 
|  20|0x0000000703a00000, 0x0000000703a00000, 0x0000000703c00000|  0%| F|  |TAMS 0x0000000703a00000| PB 0x0000000703a00000| Untracked 
|  21|0x0000000703c00000, 0x0000000703c00000, 0x0000000703e00000|  0%| F|  |TAMS 0x0000000703c00000| PB 0x0000000703c00000| Untracked 
|  22|0x0000000703e00000, 0x0000000703e00000, 0x0000000704000000|  0%| F|  |TAMS 0x0000000703e00000| PB 0x0000000703e00000| Untracked 
|  23|0x0000000704000000, 0x0000000704000000, 0x0000000704200000|  0%| F|  |TAMS 0x0000000704000000| PB 0x0000000704000000| Untracked 
|  24|0x0000000704200000, 0x0000000704200000, 0x0000000704400000|  0%| F|  |TAMS 0x0000000704200000| PB 0x0000000704200000| Untracked 
|  25|0x0000000704400000, 0x0000000704400000, 0x0000000704600000|  0%| F|  |TAMS 0x0000000704400000| PB 0x0000000704400000| Untracked 
|  26|0x0000000704600000, 0x0000000704600000, 0x0000000704800000|  0%| F|  |TAMS 0x0000000704600000| PB 0x0000000704600000| Untracked 
|  27|0x0000000704800000, 0x0000000704800000, 0x0000000704a00000|  0%| F|  |TAMS 0x0000000704800000| PB 0x0000000704800000| Untracked 
|  28|0x0000000704a00000, 0x0000000704a00000, 0x0000000704c00000|  0%| F|  |TAMS 0x0000000704a00000| PB 0x0000000704a00000| Untracked 
|  29|0x0000000704c00000, 0x0000000704c00000, 0x0000000704e00000|  0%| F|  |TAMS 0x0000000704c00000| PB 0x0000000704c00000| Untracked 
|  30|0x0000000704e00000, 0x0000000704e00000, 0x0000000705000000|  0%| F|  |TAMS 0x0000000704e00000| PB 0x0000000704e00000| Untracked 
|  31|0x0000000705000000, 0x0000000705000000, 0x0000000705200000|  0%| F|  |TAMS 0x0000000705000000| PB 0x0000000705000000| Untracked 
|  32|0x0000000705200000, 0x0000000705200000, 0x0000000705400000|  0%| F|  |TAMS 0x0000000705200000| PB 0x0000000705200000| Untracked 
|  33|0x0000000705400000, 0x0000000705400000, 0x0000000705600000|  0%| F|  |TAMS 0x0000000705400000| PB 0x0000000705400000| Untracked 
|  34|0x0000000705600000, 0x0000000705600000, 0x0000000705800000|  0%| F|  |TAMS 0x0000000705600000| PB 0x0000000705600000| Untracked 
|  35|0x0000000705800000, 0x0000000705800000, 0x0000000705a00000|  0%| F|  |TAMS 0x0000000705800000| PB 0x0000000705800000| Untracked 
|  36|0x0000000705a00000, 0x0000000705a00000, 0x0000000705c00000|  0%| F|  |TAMS 0x0000000705a00000| PB 0x0000000705a00000| Untracked 
|  37|0x0000000705c00000, 0x0000000705c00000, 0x0000000705e00000|  0%| F|  |TAMS 0x0000000705c00000| PB 0x0000000705c00000| Untracked 
|  38|0x0000000705e00000, 0x0000000705e00000, 0x0000000706000000|  0%| F|  |TAMS 0x0000000705e00000| PB 0x0000000705e00000| Untracked 
|  39|0x0000000706000000, 0x0000000706000000, 0x0000000706200000|  0%| F|  |TAMS 0x0000000706000000| PB 0x0000000706000000| Untracked 
|  40|0x0000000706200000, 0x0000000706200000, 0x0000000706400000|  0%| F|  |TAMS 0x0000000706200000| PB 0x0000000706200000| Untracked 
|  41|0x0000000706400000, 0x0000000706400000, 0x0000000706600000|  0%| F|  |TAMS 0x0000000706400000| PB 0x0000000706400000| Untracked 
|  42|0x0000000706600000, 0x0000000706600000, 0x0000000706800000|  0%| F|  |TAMS 0x0000000706600000| PB 0x0000000706600000| Untracked 
|  43|0x0000000706800000, 0x0000000706800000, 0x0000000706a00000|  0%| F|  |TAMS 0x0000000706800000| PB 0x0000000706800000| Untracked 
|  44|0x0000000706a00000, 0x0000000706a00000, 0x0000000706c00000|  0%| F|  |TAMS 0x0000000706a00000| PB 0x0000000706a00000| Untracked 
|  45|0x0000000706c00000, 0x0000000706c00000, 0x0000000706e00000|  0%| F|  |TAMS 0x0000000706c00000| PB 0x0000000706c00000| Untracked 
|  46|0x0000000706e00000, 0x0000000706e00000, 0x0000000707000000|  0%| F|  |TAMS 0x0000000706e00000| PB 0x0000000706e00000| Untracked 
|  47|0x0000000707000000, 0x0000000707000000, 0x0000000707200000|  0%| F|  |TAMS 0x0000000707000000| PB 0x0000000707000000| Untracked 
|  48|0x0000000707200000, 0x0000000707200000, 0x0000000707400000|  0%| F|  |TAMS 0x0000000707200000| PB 0x0000000707200000| Untracked 
|  49|0x0000000707400000, 0x0000000707400000, 0x0000000707600000|  0%| F|  |TAMS 0x0000000707400000| PB 0x0000000707400000| Untracked 
|  50|0x0000000707600000, 0x0000000707600000, 0x0000000707800000|  0%| F|  |TAMS 0x0000000707600000| PB 0x0000000707600000| Untracked 
|  51|0x0000000707800000, 0x0000000707800000, 0x0000000707a00000|  0%| F|  |TAMS 0x0000000707800000| PB 0x0000000707800000| Untracked 
|  52|0x0000000707a00000, 0x0000000707a00000, 0x0000000707c00000|  0%| F|  |TAMS 0x0000000707a00000| PB 0x0000000707a00000| Untracked 
|  53|0x0000000707c00000, 0x0000000707c00000, 0x0000000707e00000|  0%| F|  |TAMS 0x0000000707c00000| PB 0x0000000707c00000| Untracked 
|  54|0x0000000707e00000, 0x0000000707e00000, 0x0000000708000000|  0%| F|  |TAMS 0x0000000707e00000| PB 0x0000000707e00000| Untracked 
|  55|0x0000000708000000, 0x0000000708000000, 0x0000000708200000|  0%| F|  |TAMS 0x0000000708000000| PB 0x0000000708000000| Untracked 
|  56|0x0000000708200000, 0x0000000708200000, 0x0000000708400000|  0%| F|  |TAMS 0x0000000708200000| PB 0x0000000708200000| Untracked 
|  57|0x0000000708400000, 0x0000000708400000, 0x0000000708600000|  0%| F|  |TAMS 0x0000000708400000| PB 0x0000000708400000| Untracked 
|  58|0x0000000708600000, 0x0000000708600000, 0x0000000708800000|  0%| F|  |TAMS 0x0000000708600000| PB 0x0000000708600000| Untracked 
|  59|0x0000000708800000, 0x0000000708800000, 0x0000000708a00000|  0%| F|  |TAMS 0x0000000708800000| PB 0x0000000708800000| Untracked 
|  60|0x0000000708a00000, 0x0000000708a00000, 0x0000000708c00000|  0%| F|  |TAMS 0x0000000708a00000| PB 0x0000000708a00000| Untracked 
|  61|0x0000000708c00000, 0x0000000708c00000, 0x0000000708e00000|  0%| F|  |TAMS 0x0000000708c00000| PB 0x0000000708c00000| Untracked 
|  62|0x0000000708e00000, 0x0000000708e00000, 0x0000000709000000|  0%| F|  |TAMS 0x0000000708e00000| PB 0x0000000708e00000| Untracked 
|  63|0x0000000709000000, 0x0000000709000000, 0x0000000709200000|  0%| F|  |TAMS 0x0000000709000000| PB 0x0000000709000000| Untracked 
|  64|0x0000000709200000, 0x0000000709200000, 0x0000000709400000|  0%| F|  |TAMS 0x0000000709200000| PB 0x0000000709200000| Untracked 
|  65|0x0000000709400000, 0x0000000709400000, 0x0000000709600000|  0%| F|  |TAMS 0x0000000709400000| PB 0x0000000709400000| Untracked 
|  66|0x0000000709600000, 0x0000000709600000, 0x0000000709800000|  0%| F|  |TAMS 0x0000000709600000| PB 0x0000000709600000| Untracked 
|  67|0x0000000709800000, 0x0000000709800000, 0x0000000709a00000|  0%| F|  |TAMS 0x0000000709800000| PB 0x0000000709800000| Untracked 
|  68|0x0000000709a00000, 0x0000000709a00000, 0x0000000709c00000|  0%| F|  |TAMS 0x0000000709a00000| PB 0x0000000709a00000| Untracked 
|  69|0x0000000709c00000, 0x0000000709c00000, 0x0000000709e00000|  0%| F|  |TAMS 0x0000000709c00000| PB 0x0000000709c00000| Untracked 
|  70|0x0000000709e00000, 0x0000000709e00000, 0x000000070a000000|  0%| F|  |TAMS 0x0000000709e00000| PB 0x0000000709e00000| Untracked 
|  71|0x000000070a000000, 0x000000070a000000, 0x000000070a200000|  0%| F|  |TAMS 0x000000070a000000| PB 0x000000070a000000| Untracked 
|  72|0x000000070a200000, 0x000000070a200000, 0x000000070a400000|  0%| F|  |TAMS 0x000000070a200000| PB 0x000000070a200000| Untracked 
|  73|0x000000070a400000, 0x000000070a400000, 0x000000070a600000|  0%| F|  |TAMS 0x000000070a400000| PB 0x000000070a400000| Untracked 
|  74|0x000000070a600000, 0x000000070a600000, 0x000000070a800000|  0%| F|  |TAMS 0x000000070a600000| PB 0x000000070a600000| Untracked 
|  75|0x000000070a800000, 0x000000070a800000, 0x000000070aa00000|  0%| F|  |TAMS 0x000000070a800000| PB 0x000000070a800000| Untracked 
|  76|0x000000070aa00000, 0x000000070aa00000, 0x000000070ac00000|  0%| F|  |TAMS 0x000000070aa00000| PB 0x000000070aa00000| Untracked 
|  77|0x000000070ac00000, 0x000000070ac00000, 0x000000070ae00000|  0%| F|  |TAMS 0x000000070ac00000| PB 0x000000070ac00000| Untracked 
|  78|0x000000070ae00000, 0x000000070ae00000, 0x000000070b000000|  0%| F|  |TAMS 0x000000070ae00000| PB 0x000000070ae00000| Untracked 
|  79|0x000000070b000000, 0x000000070b000000, 0x000000070b200000|  0%| F|  |TAMS 0x000000070b000000| PB 0x000000070b000000| Untracked 
|  80|0x000000070b200000, 0x000000070b200000, 0x000000070b400000|  0%| F|  |TAMS 0x000000070b200000| PB 0x000000070b200000| Untracked 
|  81|0x000000070b400000, 0x000000070b400000, 0x000000070b600000|  0%| F|  |TAMS 0x000000070b400000| PB 0x000000070b400000| Untracked 
|  82|0x000000070b600000, 0x000000070b600000, 0x000000070b800000|  0%| F|  |TAMS 0x000000070b600000| PB 0x000000070b600000| Untracked 
|  83|0x000000070b800000, 0x000000070b800000, 0x000000070ba00000|  0%| F|  |TAMS 0x000000070b800000| PB 0x000000070b800000| Untracked 
|  84|0x000000070ba00000, 0x000000070ba00000, 0x000000070bc00000|  0%| F|  |TAMS 0x000000070ba00000| PB 0x000000070ba00000| Untracked 
|  85|0x000000070bc00000, 0x000000070bc00000, 0x000000070be00000|  0%| F|  |TAMS 0x000000070bc00000| PB 0x000000070bc00000| Untracked 
|  86|0x000000070be00000, 0x000000070be00000, 0x000000070c000000|  0%| F|  |TAMS 0x000000070be00000| PB 0x000000070be00000| Untracked 
|  87|0x000000070c000000, 0x000000070c000000, 0x000000070c200000|  0%| F|  |TAMS 0x000000070c000000| PB 0x000000070c000000| Untracked 
|  88|0x000000070c200000, 0x000000070c200000, 0x000000070c400000|  0%| F|  |TAMS 0x000000070c200000| PB 0x000000070c200000| Untracked 
|  89|0x000000070c400000, 0x000000070c400000, 0x000000070c600000|  0%| F|  |TAMS 0x000000070c400000| PB 0x000000070c400000| Untracked 
|  90|0x000000070c600000, 0x000000070c600000, 0x000000070c800000|  0%| F|  |TAMS 0x000000070c600000| PB 0x000000070c600000| Untracked 
|  91|0x000000070c800000, 0x000000070c800000, 0x000000070ca00000|  0%| F|  |TAMS 0x000000070c800000| PB 0x000000070c800000| Untracked 
|  92|0x000000070ca00000, 0x000000070ca00000, 0x000000070cc00000|  0%| F|  |TAMS 0x000000070ca00000| PB 0x000000070ca00000| Untracked 
|  93|0x000000070cc00000, 0x000000070cc00000, 0x000000070ce00000|  0%| F|  |TAMS 0x000000070cc00000| PB 0x000000070cc00000| Untracked 
|  94|0x000000070ce00000, 0x000000070ce00000, 0x000000070d000000|  0%| F|  |TAMS 0x000000070ce00000| PB 0x000000070ce00000| Untracked 
|  95|0x000000070d000000, 0x000000070d000000, 0x000000070d200000|  0%| F|  |TAMS 0x000000070d000000| PB 0x000000070d000000| Untracked 
|  96|0x000000070d200000, 0x000000070d200000, 0x000000070d400000|  0%| F|  |TAMS 0x000000070d200000| PB 0x000000070d200000| Untracked 
|  97|0x000000070d400000, 0x000000070d400000, 0x000000070d600000|  0%| F|  |TAMS 0x000000070d400000| PB 0x000000070d400000| Untracked 
|  98|0x000000070d600000, 0x000000070d600000, 0x000000070d800000|  0%| F|  |TAMS 0x000000070d600000| PB 0x000000070d600000| Untracked 
|  99|0x000000070d800000, 0x000000070d800000, 0x000000070da00000|  0%| F|  |TAMS 0x000000070d800000| PB 0x000000070d800000| Untracked 
| 100|0x000000070da00000, 0x000000070da00000, 0x000000070dc00000|  0%| F|  |TAMS 0x000000070da00000| PB 0x000000070da00000| Untracked 
| 101|0x000000070dc00000, 0x000000070dc00000, 0x000000070de00000|  0%| F|  |TAMS 0x000000070dc00000| PB 0x000000070dc00000| Untracked 
| 102|0x000000070de00000, 0x000000070de00000, 0x000000070e000000|  0%| F|  |TAMS 0x000000070de00000| PB 0x000000070de00000| Untracked 
| 103|0x000000070e000000, 0x000000070e000000, 0x000000070e200000|  0%| F|  |TAMS 0x000000070e000000| PB 0x000000070e000000| Untracked 
| 104|0x000000070e200000, 0x000000070e200000, 0x000000070e400000|  0%| F|  |TAMS 0x000000070e200000| PB 0x000000070e200000| Untracked 
| 105|0x000000070e400000, 0x000000070e400000, 0x000000070e600000|  0%| F|  |TAMS 0x000000070e400000| PB 0x000000070e400000| Untracked 
| 106|0x000000070e600000, 0x000000070e600000, 0x000000070e800000|  0%| F|  |TAMS 0x000000070e600000| PB 0x000000070e600000| Untracked 
| 107|0x000000070e800000, 0x000000070e800000, 0x000000070ea00000|  0%| F|  |TAMS 0x000000070e800000| PB 0x000000070e800000| Untracked 
| 108|0x000000070ea00000, 0x000000070ea00000, 0x000000070ec00000|  0%| F|  |TAMS 0x000000070ea00000| PB 0x000000070ea00000| Untracked 
| 109|0x000000070ec00000, 0x000000070ec00000, 0x000000070ee00000|  0%| F|  |TAMS 0x000000070ec00000| PB 0x000000070ec00000| Untracked 
| 110|0x000000070ee00000, 0x000000070ee00000, 0x000000070f000000|  0%| F|  |TAMS 0x000000070ee00000| PB 0x000000070ee00000| Untracked 
| 111|0x000000070f000000, 0x000000070f000000, 0x000000070f200000|  0%| F|  |TAMS 0x000000070f000000| PB 0x000000070f000000| Untracked 
| 112|0x000000070f200000, 0x000000070f200000, 0x000000070f400000|  0%| F|  |TAMS 0x000000070f200000| PB 0x000000070f200000| Untracked 
| 113|0x000000070f400000, 0x000000070f400000, 0x000000070f600000|  0%| F|  |TAMS 0x000000070f400000| PB 0x000000070f400000| Untracked 
| 114|0x000000070f600000, 0x000000070f800000, 0x000000070f800000|100%| S|CS|TAMS 0x000000070f600000| PB 0x000000070f600000| Complete 
| 115|0x000000070f800000, 0x000000070f800000, 0x000000070fa00000|  0%| F|  |TAMS 0x000000070f800000| PB 0x000000070f800000| Untracked 
| 116|0x000000070fa00000, 0x000000070fa00000, 0x000000070fc00000|  0%| F|  |TAMS 0x000000070fa00000| PB 0x000000070fa00000| Untracked 
| 117|0x000000070fc00000, 0x000000070fe00000, 0x000000070fe00000|100%| S|CS|TAMS 0x000000070fc00000| PB 0x000000070fc00000| Complete 
| 118|0x000000070fe00000, 0x000000070fe00000, 0x0000000710000000|  0%| F|  |TAMS 0x000000070fe00000| PB 0x000000070fe00000| Untracked 
| 119|0x0000000710000000, 0x0000000710000000, 0x0000000710200000|  0%| F|  |TAMS 0x0000000710000000| PB 0x0000000710000000| Untracked 
| 120|0x0000000710200000, 0x0000000710200000, 0x0000000710400000|  0%| F|  |TAMS 0x0000000710200000| PB 0x0000000710200000| Untracked 
| 121|0x0000000710400000, 0x0000000710400000, 0x0000000710600000|  0%| F|  |TAMS 0x0000000710400000| PB 0x0000000710400000| Untracked 
| 122|0x0000000710600000, 0x0000000710600000, 0x0000000710800000|  0%| F|  |TAMS 0x0000000710600000| PB 0x0000000710600000| Untracked 
| 123|0x0000000710800000, 0x0000000710800000, 0x0000000710a00000|  0%| F|  |TAMS 0x0000000710800000| PB 0x0000000710800000| Untracked 
| 124|0x0000000710a00000, 0x0000000710b32e28, 0x0000000710c00000| 59%| E|  |TAMS 0x0000000710a00000| PB 0x0000000710a00000| Complete 
| 125|0x0000000710c00000, 0x0000000710e00000, 0x0000000710e00000|100%| E|CS|TAMS 0x0000000710c00000| PB 0x0000000710c00000| Complete 
| 126|0x0000000710e00000, 0x0000000711000000, 0x0000000711000000|100%| E|CS|TAMS 0x0000000710e00000| PB 0x0000000710e00000| Complete 
| 127|0x0000000711000000, 0x0000000711200000, 0x0000000711200000|100%| E|CS|TAMS 0x0000000711000000| PB 0x0000000711000000| Complete 

Card table byte_map: [0x000001b6cc730000,0x000001b6ccf30000] _byte_map_base: 0x000001b6c8f27000

Marking Bits: (CMBitMap*) 0x000001b6b499f1f0
 Bits: [0x000001b6cd730000, 0x000001b6d16e8000)

Polling page: 0x000001b6b28b0000

Metaspace:

Usage:
  Non-class:      2.85 MB used.
      Class:    301.24 KB used.
       Both:      3.15 MB used.

Virtual space:
  Non-class space:       64.00 MB reserved,       3.00 MB (  5%) committed,  1 nodes.
      Class space:        1.00 GB reserved,     384.00 KB ( <1%) committed,  1 nodes.
             Both:        1.06 GB reserved,       3.38 MB ( <1%) committed. 

Chunk freelists:
   Non-Class:  2.55 MB
       Class:  3.53 MB
        Both:  6.08 MB

MaxMetaspaceSize: unlimited
CompressedClassSpaceSize: 1.00 GB
Initial GC threshold: 21.00 MB
Current GC threshold: 21.00 MB
CDS: on
MetaspaceReclaimPolicy: balanced
 - commit_granule_bytes: 65536.
 - commit_granule_words: 8192.
 - virtual_space_node_default_size: 8388608.
 - enlarge_chunks_in_place: 1.
 - new_chunks_are_fully_committed: 0.
 - uncommit_free_chunks: 1.
 - use_allocation_guard: 0.


Internal statistics:

num_allocs_failed_limit: 0.
num_arena_births: 82.
num_arena_deaths: 0.
num_vsnodes_births: 2.
num_vsnodes_deaths: 0.
num_space_committed: 54.
num_space_uncommitted: 0.
num_chunks_returned_to_freelist: 0.
num_chunks_taken_from_freelist: 160.
num_chunk_merges: 0.
num_chunk_splits: 107.
num_chunks_enlarged: 75.
num_inconsistent_stats: 0.

CodeHeap 'non-profiled nmethods': size=120000Kb used=291Kb max_used=291Kb free=119708Kb
 bounds [0x000001b6c44b0000, 0x000001b6c4720000, 0x000001b6cb9e0000]
CodeHeap 'profiled nmethods': size=120000Kb used=1534Kb max_used=1534Kb free=118465Kb
 bounds [0x000001b6bc9e0000, 0x000001b6bcc50000, 0x000001b6c3f10000]
CodeHeap 'non-nmethods': size=5760Kb used=1580Kb max_used=1596Kb free=4179Kb
 bounds [0x000001b6c3f10000, 0x000001b6c4180000, 0x000001b6c44b0000]
 total_blobs=1584 nmethods=989 adapters=506
 compilation: enabled
              stopped_count=0, restarted_count=0
 full_count=0

Compilation events (20 events):
Event: 0.764 Thread 0x000001b6d4370f90 nmethod 977 0x000001b6c44f6e90 code [0x000001b6c44f7040, 0x000001b6c44f77c8]
Event: 0.764 Thread 0x000001b6d4370f90  978       4       ilog.cplex.CpxRange::getVarIndices (34 bytes)
Event: 0.767 Thread 0x000001b6d4370f90 nmethod 978 0x000001b6c44f7b90 code [0x000001b6c44f7d00, 0x000001b6c44f8048]
Event: 0.767 Thread 0x000001b6d4370f90  982       4       ilog.cplex.CpxLinearExpr::<init> (84 bytes)
Event: 0.771 Thread 0x000001b6d4383e10  983       3       jdk.internal.ref.PhantomCleanable::clean (16 bytes)
Event: 0.771 Thread 0x000001b6d4383e10 nmethod 983 0x000001b6bcb4e890 code [0x000001b6bcb4ea40, 0x000001b6bcb4ed18]
Event: 0.771 Thread 0x000001b6d4383e10  986       3       java.util.concurrent.locks.AbstractQueuedSynchronizer::release (19 bytes)
Event: 0.771 Thread 0x000001b6d4383e10 nmethod 986 0x000001b6bcb4ee10 code [0x000001b6bcb4f000, 0x000001b6bcb4f648]
Event: 0.771 Thread 0x000001b6d4383e10  985       3       java.util.concurrent.locks.ReentrantLock::unlock (10 bytes)
Event: 0.771 Thread 0x000001b6d4383e10 nmethod 985 0x000001b6bcb4f810 code [0x000001b6bcb4f9c0, 0x000001b6bcb4fca0]
Event: 0.771 Thread 0x000001b6d4383e10  984       3       jdk.internal.ref.CleanerImpl$PhantomCleanableRef::performCleanup (10 bytes)
Event: 0.772 Thread 0x000001b6d4383e10 nmethod 984 0x000001b6bcb4fd90 code [0x000001b6bcb4ff20, 0x000001b6bcb500f8]
Event: 0.773 Thread 0x000001b6d4370f90 nmethod 982 0x000001b6c44f8210 code [0x000001b6c44f8380, 0x000001b6c44f8798]
Event: 0.774 Thread 0x000001b6d4383e10  987 %     3       MipModel$Callback::main @ 331 (440 bytes)
Event: 0.776 Thread 0x000001b6d4383e10 nmethod 987% 0x000001b6bcb50190 code [0x000001b6bcb508e0, 0x000001b6bcb56280]
Event: 0.777 Thread 0x000001b6d4383e10  988       3       MipModel$Callback::main (440 bytes)
Event: 0.778 Thread 0x000001b6d4370f90  989       4       org.jgrapht.graph.BaseIntrusiveEdgesSpecifics::getEdgeTarget (48 bytes)
Event: 0.778 Thread 0x000001b6d4370f90 nmethod 989 0x000001b6c44f8910 code [0x000001b6c44f8a80, 0x000001b6c44f8b50]
Event: 0.780 Thread 0x000001b6d4383e10 nmethod 988 0x000001b6bcb58310 code [0x000001b6bcb58a40, 0x000001b6bcb5dd18]
Event: 0.784 Thread 0x000001b6d4370f90  990 %     4       MipModel$Callback::main @ 331 (440 bytes)

GC Heap History (4 events):
Event: 0.767 GC heap before
{Heap before GC invocations=0 (full 0):
 garbage-first heap   total 262144K, used 26624K [0x0000000701200000, 0x0000000800000000)
  region size 2048K, 11 young (22528K), 0 survivors (0K)
 Metaspace       used 3217K, committed 3392K, reserved 1114112K
  class space    used 301K, committed 384K, reserved 1048576K
}
Event: 0.771 GC heap after
{Heap after GC invocations=1 (full 0):
 garbage-first heap   total 262144K, used 11554K [0x0000000701200000, 0x0000000800000000)
  region size 2048K, 2 young (4096K), 2 survivors (4096K)
 Metaspace       used 3217K, committed 3392K, reserved 1114112K
  class space    used 301K, committed 384K, reserved 1048576K
}
Event: 0.801 GC heap before
{Heap before GC invocations=1 (full 0):
 garbage-first heap   total 262144K, used 32034K [0x0000000701200000, 0x0000000800000000)
  region size 2048K, 12 young (24576K), 2 survivors (4096K)
 Metaspace       used 3222K, committed 3456K, reserved 1114112K
  class space    used 301K, committed 384K, reserved 1048576K
}
Event: 0.805 GC heap after
{Heap after GC invocations=2 (full 0):
 garbage-first heap   total 262144K, used 19905K [0x0000000701200000, 0x0000000800000000)
  region size 2048K, 2 young (4096K), 2 survivors (4096K)
 Metaspace       used 3222K, committed 3456K, reserved 1114112K
  class space    used 301K, committed 384K, reserved 1048576K
}

Dll operation events (12 events):
Event: 0.009 Loaded shared library C:\Program Files\Java\jdk-20\bin\java.dll
Event: 0.017 Loaded shared library C:\Program Files\Java\jdk-20\bin\jsvml.dll
Event: 0.065 Loaded shared library C:\Program Files\Java\jdk-20\bin\zip.dll
Event: 0.070 Loaded shared library C:\Program Files\Java\jdk-20\bin\instrument.dll
Event: 0.074 Loaded shared library C:\Program Files\Java\jdk-20\bin\net.dll
Event: 0.076 Loaded shared library C:\Program Files\Java\jdk-20\bin\nio.dll
Event: 0.079 Loaded shared library C:\Program Files\Java\jdk-20\bin\zip.dll
Event: 0.103 Loaded shared library C:\Program Files\JetBrains\IntelliJ IDEA Community Edition 2023.1\bin\breakgen64.dll
Event: 0.109 Loaded shared library C:\Program Files\Java\jdk-20\bin\extnet.dll
Event: 0.114 Loaded shared library C:\Program Files\Java\jdk-20\bin\jimage.dll
Event: 0.198 Loaded shared library C:\Program Files\Java\jdk-20\bin\verify.dll
Event: 0.236 Loaded shared library C:\Program Files\IBM\ILOG\CPLEX_Studio1263\opl\bin\x64_win64\cplex1263remotejni.dll

Deoptimization events (20 events):
Event: 0.147 Thread 0x000001b6b492eaf0 DEOPT PACKING pc=0x000001b6c44bd7c4 sp=0x000000644e7fe040
Event: 0.147 Thread 0x000001b6b492eaf0 DEOPT UNPACKING pc=0x000001b6c3f79d22 sp=0x000000644e7fdfd0 mode 2
Event: 0.147 Thread 0x000001b6b492eaf0 Uncommon trap: trap_request=0xffffffde fr.pc=0x000001b6c44bd7c4 relative=0x0000000000000944
Event: 0.147 Thread 0x000001b6b492eaf0 Uncommon trap: reason=class_check action=maybe_recompile pc=0x000001b6c44bd7c4 method=java.util.HashMap.putVal(ILjava/lang/Object;Ljava/lang/Object;ZZ)Ljava/lang/Object; @ 152 c2
Event: 0.147 Thread 0x000001b6b492eaf0 DEOPT PACKING pc=0x000001b6c44bd7c4 sp=0x000000644e7fe040
Event: 0.147 Thread 0x000001b6b492eaf0 DEOPT UNPACKING pc=0x000001b6c3f79d22 sp=0x000000644e7fdfd0 mode 2
Event: 0.159 Thread 0x000001b6b492eaf0 Uncommon trap: trap_request=0xffffff76 fr.pc=0x000001b6c44c9ab8 relative=0x0000000000000198
Event: 0.159 Thread 0x000001b6b492eaf0 Uncommon trap: reason=predicate action=maybe_recompile pc=0x000001b6c44c9ab8 method=java.util.regex.Pattern$BmpCharPropertyGreedy.match(Ljava/util/regex/Matcher;ILjava/lang/CharSequence;)Z @ 12 c2
Event: 0.159 Thread 0x000001b6b492eaf0 DEOPT PACKING pc=0x000001b6c44c9ab8 sp=0x000000644e7fed20
Event: 0.159 Thread 0x000001b6b492eaf0 DEOPT UNPACKING pc=0x000001b6c3f79d22 sp=0x000000644e7fecb8 mode 2
Event: 0.160 Thread 0x000001b6b492eaf0 Uncommon trap: trap_request=0xffffff45 fr.pc=0x000001b6c44d2954 relative=0x0000000000000054
Event: 0.160 Thread 0x000001b6b492eaf0 Uncommon trap: reason=unstable_if action=reinterpret pc=0x000001b6c44d2954 method=java.lang.CharacterData.of(I)Ljava/lang/CharacterData; @ 4 c2
Event: 0.160 Thread 0x000001b6b492eaf0 DEOPT PACKING pc=0x000001b6c44d2954 sp=0x000000644e7fe4b0
Event: 0.160 Thread 0x000001b6b492eaf0 DEOPT UNPACKING pc=0x000001b6c3f79d22 sp=0x000000644e7fe450 mode 2
Event: 0.182 Thread 0x000001b6b492eaf0 DEOPT PACKING pc=0x000001b6bca5adb5 sp=0x000000644e7fef10
Event: 0.182 Thread 0x000001b6b492eaf0 DEOPT UNPACKING pc=0x000001b6c3f7a4c2 sp=0x000000644e7fe3d0 mode 0
Event: 0.194 Thread 0x000001b6b492eaf0 DEOPT PACKING pc=0x000001b6bca054d7 sp=0x000000644e7f4ce0
Event: 0.194 Thread 0x000001b6b492eaf0 DEOPT UNPACKING pc=0x000001b6c3f7a4c2 sp=0x000000644e7f4100 mode 0
Event: 0.287 Thread 0x000001b6b492eaf0 DEOPT PACKING pc=0x000001b6bca6da75 sp=0x000000644e7f95a0
Event: 0.287 Thread 0x000001b6b492eaf0 DEOPT UNPACKING pc=0x000001b6c3f7a4c2 sp=0x000000644e7f89f0 mode 0

Classes loaded (20 events):
Event: 0.160 Loading class jdk/internal/math/FormattedFloatingDecimal$Form
Event: 0.160 Loading class jdk/internal/math/FormattedFloatingDecimal$Form done
Event: 0.160 Loading class jdk/internal/math/FormattedFloatingDecimal
Event: 0.160 Loading class jdk/internal/math/FormattedFloatingDecimal done
Event: 0.160 Loading class jdk/internal/math/FormattedFloatingDecimal$1
Event: 0.160 Loading class jdk/internal/math/FormattedFloatingDecimal$1 done
Event: 0.160 Loading class jdk/internal/math/FDBigInteger
Event: 0.160 Loading class jdk/internal/math/FDBigInteger done
Event: 0.160 Loading class jdk/internal/math/FormattedFloatingDecimal$2
Event: 0.160 Loading class jdk/internal/math/FormattedFloatingDecimal$2 done
Event: 0.168 Loading class java/lang/invoke/MethodHandle$1
Event: 0.169 Loading class java/lang/invoke/MethodHandle$1 done
Event: 0.231 Loading class java/io/UnsupportedEncodingException
Event: 0.231 Loading class java/io/UnsupportedEncodingException done
Event: 0.233 Loading class java/lang/UnsatisfiedLinkError
Event: 0.233 Loading class java/lang/UnsatisfiedLinkError done
Event: 0.233 Loading class java/lang/SecurityException
Event: 0.234 Loading class java/lang/SecurityException done
Event: 0.243 Loading class java/util/LinkedHashMap$LinkedKeyIterator
Event: 0.243 Loading class java/util/LinkedHashMap$LinkedKeyIterator done

Classes unloaded (0 events):
No events

Classes redefined (0 events):
No events

Internal exceptions (4 events):
Event: 0.098 Thread 0x000001b6b492eaf0 Exception <a 'java/lang/NoSuchMethodError'{0x0000000710ffb708}: 'void java.lang.invoke.DirectMethodHandle$Holder.invokeStatic(java.lang.Object, java.lang.Object, java.lang.Object)'> (0x0000000710ffb708) 
thrown [s\open\src\hotspot\share\interpreter\linkResolver.cpp, line 773]
Event: 0.101 Thread 0x000001b6b492eaf0 Exception <a 'java/lang/NoSuchMethodError'{0x0000000710c13338}: 'java.lang.Object java.lang.invoke.Invokers$Holder.invokeExact_MT(java.lang.Object, java.lang.Object, java.lang.Object, java.lang.Object, java.lang.Object)'> (0x0000000710c13338) 
thrown [s\open\src\hotspot\share\interpreter\linkResolver.cpp, line 773]
Event: 0.110 Thread 0x000001b6d86d0e40 Exception <a 'java/lang/NoSuchMethodError'{0x0000000710c78ab8}: 'void java.lang.invoke.DirectMethodHandle$Holder.invokeStatic(java.lang.Object, java.lang.Object)'> (0x0000000710c78ab8) 
thrown [s\open\src\hotspot\share\interpreter\linkResolver.cpp, line 773]
Event: 0.152 Thread 0x000001b6b492eaf0 Exception <a 'java/lang/NoSuchMethodError'{0x0000000710a07090}: 'java.lang.Object java.lang.invoke.Invokers$Holder.invokeExact_MT(java.lang.Object, java.lang.Object, java.lang.Object, java.lang.Object, java.lang.Object, java.lang.Object)'> (0x0000000710a07090) 
thrown [s\open\src\hotspot\share\interpreter\linkResolver.cpp, line 773]

VM Operations (12 events):
Event: 0.058 Executing VM operation: HandshakeAllThreads
Event: 0.058 Executing VM operation: HandshakeAllThreads done
Event: 0.105 Executing VM operation: HandshakeAllThreads
Event: 0.105 Executing VM operation: HandshakeAllThreads done
Event: 0.158 Executing VM operation: HandshakeAllThreads
Event: 0.158 Executing VM operation: HandshakeAllThreads done
Event: 0.198 Executing VM operation: HandshakeAllThreads
Event: 0.198 Executing VM operation: HandshakeAllThreads done
Event: 0.767 Executing VM operation: G1CollectForAllocation
Event: 0.771 Executing VM operation: G1CollectForAllocation done
Event: 0.801 Executing VM operation: G1CollectForAllocation
Event: 0.805 Executing VM operation: G1CollectForAllocation done

Events (14 events):
Event: 0.017 Thread 0x000001b6b492eaf0 Thread added: 0x000001b6b492eaf0
Event: 0.031 Thread 0x000001b6d4362230 Thread added: 0x000001b6d4362230
Event: 0.031 Thread 0x000001b6d4362d70 Thread added: 0x000001b6d4362d70
Event: 0.031 Thread 0x000001b6d4368350 Thread added: 0x000001b6d4368350
Event: 0.031 Thread 0x000001b6d436aca0 Thread added: 0x000001b6d436aca0
Event: 0.031 Thread 0x000001b6d436eb70 Thread added: 0x000001b6d436eb70
Event: 0.031 Thread 0x000001b6d436f4b0 Thread added: 0x000001b6d436f4b0
Event: 0.031 Thread 0x000001b6d4370f90 Thread added: 0x000001b6d4370f90
Event: 0.032 Thread 0x000001b6d4383e10 Thread added: 0x000001b6d4383e10
Event: 0.053 Thread 0x000001b6d84bb770 Thread added: 0x000001b6d84bb770
Event: 0.084 Thread 0x000001b6d85c0570 Thread added: 0x000001b6d85c0570
Event: 0.104 Thread 0x000001b6d86d0e40 Thread added: 0x000001b6d86d0e40
Event: 0.104 Thread 0x000001b6d86d1390 Thread added: 0x000001b6d86d1390
Event: 0.465 Thread 0x000001b6d85c0570 Thread exited: 0x000001b6d85c0570


Dynamic libraries:
0x00007ff7ef280000 - 0x00007ff7ef290000 	C:\Program Files\Java\jdk-20\bin\java.exe
0x00007ffbed350000 - 0x00007ffbed564000 	C:\WINDOWS\SYSTEM32\ntdll.dll
0x00007ffbebe80000 - 0x00007ffbebf42000 	C:\WINDOWS\System32\KERNEL32.DLL
0x00007ffbea900000 - 0x00007ffbeaca3000 	C:\WINDOWS\System32\KERNELBASE.dll
0x00007ffbeb030000 - 0x00007ffbeb141000 	C:\WINDOWS\System32\ucrtbase.dll
0x00007ffbe6180000 - 0x00007ffbe6199000 	C:\Program Files\Java\jdk-20\bin\jli.dll
0x00007ffbe61a0000 - 0x00007ffbe61bb000 	C:\Program Files\Java\jdk-20\bin\VCRUNTIME140.dll
0x00007ffbebf50000 - 0x00007ffbebffe000 	C:\WINDOWS\System32\ADVAPI32.dll
0x00007ffbeb4a0000 - 0x00007ffbeb547000 	C:\WINDOWS\System32\msvcrt.dll
0x00007ffbeb550000 - 0x00007ffbeb5f4000 	C:\WINDOWS\System32\sechost.dll
0x00007ffbebbb0000 - 0x00007ffbebcc7000 	C:\WINDOWS\System32\RPCRT4.dll
0x00007ffbeb1d0000 - 0x00007ffbeb37b000 	C:\WINDOWS\System32\USER32.dll
0x00007ffbd2f00000 - 0x00007ffbd318e000 	C:\WINDOWS\WinSxS\amd64_microsoft.windows.common-controls_6595b64144ccf1df_6.0.22621.1635_none_270f70857386168e\COMCTL32.dll
0x00007ffbeaf40000 - 0x00007ffbeaf66000 	C:\WINDOWS\System32\win32u.dll
0x00007ffbec560000 - 0x00007ffbec589000 	C:\WINDOWS\System32\GDI32.dll
0x00007ffbea7e0000 - 0x00007ffbea8f8000 	C:\WINDOWS\System32\gdi32full.dll
0x00007ffbead30000 - 0x00007ffbeadca000 	C:\WINDOWS\System32\msvcp_win.dll
0x00007ffbe1b90000 - 0x00007ffbe1b9a000 	C:\WINDOWS\SYSTEM32\VERSION.dll
0x00007ffbeb6e0000 - 0x00007ffbeb711000 	C:\WINDOWS\System32\IMM32.DLL
0x00007ffbe5de0000 - 0x00007ffbe5dec000 	C:\Program Files\Java\jdk-20\bin\vcruntime140_1.dll
0x00007ffbd5bc0000 - 0x00007ffbd5c4e000 	C:\Program Files\Java\jdk-20\bin\msvcp140.dll
0x00007ffb17780000 - 0x00007ffb18417000 	C:\Program Files\Java\jdk-20\bin\server\jvm.dll
0x00007ffbe1ba0000 - 0x00007ffbe1bd4000 	C:\WINDOWS\SYSTEM32\WINMM.dll
0x00007ffbbf0f0000 - 0x00007ffbbf0f9000 	C:\WINDOWS\SYSTEM32\WSOCK32.dll
0x00007ffbec010000 - 0x00007ffbec081000 	C:\WINDOWS\System32\WS2_32.dll
0x00007ffbe9780000 - 0x00007ffbe9798000 	C:\WINDOWS\SYSTEM32\kernel.appcore.dll
0x00007ffbe5b40000 - 0x00007ffbe5b4a000 	C:\Program Files\Java\jdk-20\bin\jimage.dll
0x00007ffbdb9c0000 - 0x00007ffbdbbee000 	C:\WINDOWS\SYSTEM32\DBGHELP.DLL
0x00007ffbeb820000 - 0x00007ffbebba9000 	C:\WINDOWS\System32\combase.dll
0x00007ffbeb600000 - 0x00007ffbeb6d7000 	C:\WINDOWS\System32\OLEAUT32.dll
0x00007ffbb6d30000 - 0x00007ffbb6d62000 	C:\WINDOWS\SYSTEM32\dbgcore.DLL
0x00007ffbeacb0000 - 0x00007ffbead2b000 	C:\WINDOWS\System32\bcryptPrimitives.dll
0x00007ffbe5b10000 - 0x00007ffbe5b1e000 	C:\Program Files\Java\jdk-20\bin\instrument.dll
0x00007ffbe37c0000 - 0x00007ffbe37e6000 	C:\Program Files\Java\jdk-20\bin\java.dll
0x00007ffbd5380000 - 0x00007ffbd5457000 	C:\Program Files\Java\jdk-20\bin\jsvml.dll
0x00007ffbec590000 - 0x00007ffbecd8a000 	C:\WINDOWS\System32\SHELL32.dll
0x00007ffbe8720000 - 0x00007ffbe8fee000 	C:\WINDOWS\SYSTEM32\windows.storage.dll
0x00007ffbe85e0000 - 0x00007ffbe871e000 	C:\WINDOWS\SYSTEM32\wintypes.dll
0x00007ffbed210000 - 0x00007ffbed301000 	C:\WINDOWS\System32\SHCORE.dll
0x00007ffbec330000 - 0x00007ffbec38e000 	C:\WINDOWS\System32\shlwapi.dll
0x00007ffbea6a0000 - 0x00007ffbea6c1000 	C:\WINDOWS\SYSTEM32\profapi.dll
0x00007ffbe30e0000 - 0x00007ffbe30f8000 	C:\Program Files\Java\jdk-20\bin\zip.dll
0x00007ffbe3140000 - 0x00007ffbe3153000 	C:\Program Files\Java\jdk-20\bin\net.dll
0x00007ffbe32c0000 - 0x00007ffbe33f7000 	C:\WINDOWS\SYSTEM32\WINHTTP.dll
0x00007ffbe9be0000 - 0x00007ffbe9c49000 	C:\WINDOWS\system32\mswsock.dll
0x00007ffbe3120000 - 0x00007ffbe3136000 	C:\Program Files\Java\jdk-20\bin\nio.dll
0x00007ffbd9c60000 - 0x00007ffbd9c7a000 	C:\Program Files\JetBrains\IntelliJ IDEA Community Edition 2023.1\bin\breakgen64.dll
0x00007ffbe37b0000 - 0x00007ffbe37b7000 	C:\Program Files\Java\jdk-20\bin\extnet.dll
0x00007ffbe30d0000 - 0x00007ffbe30e0000 	C:\Program Files\Java\jdk-20\bin\verify.dll
0x00007ffb06fb0000 - 0x00007ffb085c2000 	C:\Program Files\IBM\ILOG\CPLEX_Studio1263\opl\bin\x64_win64\cplex1263remotejni.dll
0x00007ffbec550000 - 0x00007ffbec558000 	C:\WINDOWS\System32\PSAPI.DLL

dbghelp: loaded successfully - version: 4.0.5 - missing functions: none
symbol engine: initialized successfully - sym options: 0x614 - pdb path: .;C:\Program Files\Java\jdk-20\bin;C:\WINDOWS\SYSTEM32;C:\WINDOWS\WinSxS\amd64_microsoft.windows.common-controls_6595b64144ccf1df_6.0.22621.1635_none_270f70857386168e;C:\Program Files\Java\jdk-20\bin\server;C:\Program Files\JetBrains\IntelliJ IDEA Community Edition 2023.1\bin;C:\Program Files\IBM\ILOG\CPLEX_Studio1263\opl\bin\x64_win64

VM Arguments:
jvm_args: -javaagent:C:\Program Files\JetBrains\IntelliJ IDEA Community Edition 2023.1\lib\idea_rt.jar=7863:C:\Program Files\JetBrains\IntelliJ IDEA Community Edition 2023.1\bin -Dfile.encoding=UTF-8 -Dsun.stdout.encoding=UTF-8 -Dsun.stderr.encoding=UTF-8 
java_command: GraphModel C:\Users\Lanczos\IdeaProjects\ESPPRC\data\solomon_25\c103.txt
java_class_path (initial): C:\Users\Lanczos\IdeaProjects\ESPPRC\out\production\ESPPRC;C:\Program Files\IBM\ILOG\CPLEX_Studio1263\cplex\lib\cplex.jar;C:\Users\Lanczos\Desktop\jgrapht-1.3.0\lib\jheaps-0.9.jar;C:\Users\Lanczos\Desktop\jgrapht-1.3.0\lib\fastutil-8.2.2.jar;C:\Users\Lanczos\Desktop\jgrapht-1.3.0\lib\guava-26.0-jre.jar;C:\Users\Lanczos\Desktop\jgrapht-1.3.0\lib\jgraphx-3.4.1.3.jar;C:\Users\Lanczos\Desktop\jgrapht-1.3.0\lib\commons-text-1.5.jar;C:\Users\Lanczos\Desktop\jgrapht-1.3.0\lib\jgrapht-io-1.3.0.jar;C:\Users\Lanczos\Desktop\jgrapht-1.3.0\lib\jgrapht-ext-1.3.0.jar;C:\Users\Lanczos\Desktop\jgrapht-1.3.0\lib\jgrapht-opt-1.3.0.jar;C:\Users\Lanczos\Desktop\jgrapht-1.3.0\lib\jgrapht-core-1.3.0.jar;C:\Users\Lanczos\Desktop\jgrapht-1.3.0\lib\jgrapht-demo-1.3.0.jar;C:\Users\Lanczos\Desktop\jgrapht-1.3.0\lib\commons-lang3-3.8.1.jar;C:\Users\Lanczos\Desktop\jgrapht-1.3.0\lib\jgrapht-guava-1.3.0.jar;C:\Users\Lanczos\Desktop\jgrapht-1.3.0\lib\antlr4-runtime-4.7.1.jar;C:\Users\Lanczos\Desktop\jgrapht-1.3.0\lib\jgrapht-bundle-1.3.0.jar;C:\Users\Lanczos\Desktop\algs4.jar
Launcher Type: SUN_STANDARD

[Global flags]
     intx CICompilerCount                          = 4                                         {product} {ergonomic}
     uint ConcGCThreads                            = 3                                         {product} {ergonomic}
     uint G1ConcRefinementThreads                  = 10                                        {product} {ergonomic}
   size_t G1HeapRegionSize                         = 2097152                                   {product} {ergonomic}
    uintx GCDrainStackTargetSize                   = 64                                        {product} {ergonomic}
   size_t InitialHeapSize                          = 268435456                                 {product} {ergonomic}
   size_t MarkStackSize                            = 4194304                                   {product} {ergonomic}
   size_t MaxHeapSize                              = 4276092928                                {product} {ergonomic}
   size_t MaxNewSize                               = 2564816896                                {product} {ergonomic}
   size_t MinHeapDeltaBytes                        = 2097152                                   {product} {ergonomic}
   size_t MinHeapSize                              = 8388608                                   {product} {ergonomic}
    uintx NonNMethodCodeHeapSize                   = 5839372                                {pd product} {ergonomic}
    uintx NonProfiledCodeHeapSize                  = 122909434                              {pd product} {ergonomic}
    uintx ProfiledCodeHeapSize                     = 122909434                              {pd product} {ergonomic}
    uintx ReservedCodeCacheSize                    = 251658240                              {pd product} {ergonomic}
     bool SegmentedCodeCache                       = true                                      {product} {ergonomic}
   size_t SoftMaxHeapSize                          = 4276092928                             {manageable} {ergonomic}
     bool UseCompressedClassPointers               = true                           {product lp64_product} {ergonomic}
     bool UseCompressedOops                        = true                           {product lp64_product} {ergonomic}
     bool UseG1GC                                  = true                                      {product} {ergonomic}
     bool UseLargePagesIndividualAllocation        = false                                  {pd product} {ergonomic}

Logging:
Log output configuration:
 #0: stdout all=warning uptime,level,tags foldmultilines=false
 #1: stderr all=off uptime,level,tags foldmultilines=false

Environment Variables:
PATH=C:\Program Files\Common Files\Oracle\Java\javapath;C:\Program Files\IBM\ILOG\CPLEX_Studio1263\opl\bin\x64_win64;C:\Program Files\IBM\ILOG\CPLEX_Studio1263\opl\oplide\;C:\Program Files\IBM\ILOG\CPLEX_Studio1263\cplex\bin\x64_win64;C:\Program Files\IBM\ILOG\CPLEX_Studio1263\cpoptimizer\bin\x64_win64;C:\Program Files\copt60\bin;C:\Program Files (x86)\VMware\VMware Workstation\bin\;C:\Program Files (x86)\NVIDIA Corporation\PhysX\Common;C:\WINDOWS\system32;C:\WINDOWS;C:\WINDOWS\System32\Wbem;C:\WINDOWS\System32\WindowsPowerShell\v1.0\;C:\WINDOWS\System32\OpenSSH\;C:\Program Files\Microsoft SQL Server\Client SDK\ODBC\110\Tools\Binn\;C:\Program Files (x86)\Microsoft SQL Server\120\Tools\Binn\;C:\Program Files\Microsoft SQL Server\120\Tools\Binn\;C:\Program Files\Microsoft SQL Server\120\DTS\Binn\;C:\Program Files (x86)\Windows Kits\8.1\Windows Performance Toolkit\;C:\Program Files\dotnet\;D:\Program Files\MATLAB\R2022a\runtime\win64;D:\Program Files\MATLAB\R2022a\bin;C:\Program Files (x86)\NetSarang\Xshell 7\;C:\Program Files\Git\cmd;C:\Program Files\Git\mingw64\bin;C:\Program Files\Git\usr\bin;C:\Program Files\nodejs\;C:\Users\Lanczos\AppData\Local\Programs\Python\Python311\Scripts\;C:\Users\Lanczos\AppData\Local\Programs\Python\Python311\;C:\Users\Lanczos\AppData\Local\Programs\Python\Python310\Scripts\;C:\Users\Lanczos\AppData\Local\Programs\Python\Python310\;C:\Users\Lanczos\AppData\Local\Microsoft\WindowsApps;C:\msys64\mingw64\bin;C:\Users\Lanczos\AppData\Local\Programs\Microsoft VS Code\bin;C:\Users\Lanczos\AppData\Roaming\npm;C:\Program Files\JetBrains\PyCharm Community Edition 2023.1\bin;;C:\Program Files\JetBrains\IntelliJ IDEA Community Edition 2023.1\bin;
USERNAME=Lanczos
OS=Windows_NT
PROCESSOR_IDENTIFIER=AMD64 Family 25 Model 33 Stepping 2, AuthenticAMD
TMP=C:\Users\Lanczos\AppData\Local\Temp
TEMP=C:\Users\Lanczos\AppData\Local\Temp




---------------  S Y S T E M  ---------------

OS:
 Windows 11 , 64 bit Build 22621 (10.0.22621.1635)
OS uptime: 2 days 10:40 hours
Hyper-V role detected

CPU: total 12 (initial active 12) (12 cores per cpu, 2 threads per core) family 25 model 33 stepping 2 microcode 0x0, cx8, cmov, fxsr, ht, mmx, 3dnowpref, sse, sse2, sse3, ssse3, sse4a, sse4.1, sse4.2, popcnt, lzcnt, tsc, tscinvbit, avx, avx2, aes, erms, clmul, bmi1, bmi2, adx, sha, fma, vzeroupper, clflush, clflushopt, hv, rdtscp, rdpid, fsrm, f16c, cet_ss

Memory: 4k page, system-wide physical 16309M (10245M free)
TotalPageFile size 44524M (AvailPageFile size 27464M)
current process WorkingSet (physical memory assigned to process): 107M, peak: 108M
current process commit charge ("private bytes"): 371M, peak: 371M

vm_info: Java HotSpot(TM) 64-Bit Server VM (20.0.1+9-29) for windows-amd64 JRE (20.0.1+9-29), built on 2023-03-07T13:56:11Z by "mach5one" with MS VC++ 17.1 (VS2022)

END.
